<?xml version="1.0" encoding="UTF-8"?>
<testsuite xmlns:xsi="http://www.w3.org/2001/XMLSchema-instance" xsi:noNamespaceSchemaLocation="https://maven.apache.org/surefire/maven-surefire-plugin/xsd/surefire-test-report-3.0.xsd" version="3.0" name="com.example.ExampleTests" time="3.582" tests="1" errors="0" skipped="0" failures="0">
  <properties>
[...]
</properties>
  <testcase name="[1:3] Example scenario" classname="com/example/example" time="2.783">
    <system-out><![CDATA[00:53:57.736 [main] DEBUG org.apache.http.client.protocol.RequestAddCookies -- CookieSpec selected: karate
00:53:57.736 [main] DEBUG org.apache.http.client.protocol.RequestAuthCache -- Auth cache not set in the context
00:53:57.736 [main] DEBUG com.intuit.karate -- request:
1 > GET https://jsonplaceholder.typicode.com
1 > Host: jsonplaceholder.typicode.com
1 > Connection: Keep-Alive
1 > User-Agent: Apache-HttpClient/4.5.14 (Java/16)
1 > Accept-Encoding: gzip,deflate


00:53:57.749 [main] DEBUG org.apache.http.impl.conn.PoolingHttpClientConnectionManager -- Connection request: [route: {s}->https://jsonplaceholder.typicode.com:443][total available: 0; route allocated: 0 of 5; total allocated: 0 of 10]
00:53:57.749 [main] DEBUG org.apache.http.impl.conn.PoolingHttpClientConnectionManager -- Connection leased: [id: 0][route: {s}->https://jsonplaceholder.typicode.com:443][total available: 0; route allocated: 1 of 5; total allocated: 1 of 10]
00:53:57.749 [main] DEBUG org.apache.http.impl.execchain.MainClientExec -- Opening connection {s}->https://jsonplaceholder.typicode.com:443
00:53:57.811 [main] DEBUG org.apache.http.impl.conn.DefaultHttpClientConnectionOperator -- Connecting to jsonplaceholder.typicode.com/104.21.59.19:443
00:53:57.811 [main] DEBUG org.apache.http.conn.ssl.SSLConnectionSocketFactory -- Connecting socket to jsonplaceholder.typicode.com/104.21.59.19:443 with timeout 30000
00:53:57.890 [main] DEBUG org.apache.http.conn.ssl.SSLConnectionSocketFactory -- Enabled protocols: [TLSv1.3, TLSv1.2]
00:53:57.890 [main] DEBUG org.apache.http.conn.ssl.SSLConnectionSocketFactory -- Enabled cipher suites:[TLS_AES_256_GCM_SHA384, TLS_AES_128_GCM_SHA256, TLS_CHACHA20_POLY1305_SHA256, TLS_ECDHE_ECDSA_WITH_AES_256_GCM_SHA384, TLS_ECDHE_ECDSA_WITH_AES_128_GCM_SHA256, TLS_ECDHE_ECDSA_WITH_CHACHA20_POLY1305_SHA256, TLS_ECDHE_RSA_WITH_AES_256_GCM_SHA384, TLS_ECDHE_RSA_WITH_CHACHA20_POLY1305_SHA256, TLS_ECDHE_RSA_WITH_AES_128_GCM_SHA256, TLS_DHE_RSA_WITH_AES_256_GCM_SHA384, TLS_DHE_RSA_WITH_CHACHA20_POLY1305_SHA256, TLS_DHE_DSS_WITH_AES_256_GCM_SHA384, TLS_DHE_RSA_WITH_AES_128_GCM_SHA256, TLS_DHE_DSS_WITH_AES_128_GCM_SHA256, TLS_ECDHE_ECDSA_WITH_AES_256_CBC_SHA384, TLS_ECDHE_RSA_WITH_AES_256_CBC_SHA384, TLS_ECDHE_ECDSA_WITH_AES_128_CBC_SHA256, TLS_ECDHE_RSA_WITH_AES_128_CBC_SHA256, TLS_DHE_RSA_WITH_AES_256_CBC_SHA256, TLS_DHE_DSS_WITH_AES_256_CBC_SHA256, TLS_DHE_RSA_WITH_AES_128_CBC_SHA256, TLS_DHE_DSS_WITH_AES_128_CBC_SHA256, TLS_ECDH_ECDSA_WITH_AES_256_GCM_SHA384, TLS_ECDH_RSA_WITH_AES_256_GCM_SHA384, TLS_ECDH_ECDSA_WITH_AES_128_GCM_SHA256, TLS_ECDH_RSA_WITH_AES_128_GCM_SHA256, TLS_ECDH_ECDSA_WITH_AES_256_CBC_SHA384, TLS_ECDH_RSA_WITH_AES_256_CBC_SHA384, TLS_ECDH_ECDSA_WITH_AES_128_CBC_SHA256, TLS_ECDH_RSA_WITH_AES_128_CBC_SHA256, TLS_ECDHE_ECDSA_WITH_AES_256_CBC_SHA, TLS_ECDHE_RSA_WITH_AES_256_CBC_SHA, TLS_ECDHE_ECDSA_WITH_AES_128_CBC_SHA, TLS_ECDHE_RSA_WITH_AES_128_CBC_SHA, TLS_DHE_RSA_WITH_AES_256_CBC_SHA, TLS_DHE_DSS_WITH_AES_256_CBC_SHA, TLS_DHE_RSA_WITH_AES_128_CBC_SHA, TLS_DHE_DSS_WITH_AES_128_CBC_SHA, TLS_ECDH_ECDSA_WITH_AES_256_CBC_SHA, TLS_ECDH_RSA_WITH_AES_256_CBC_SHA, TLS_ECDH_ECDSA_WITH_AES_128_CBC_SHA, TLS_ECDH_RSA_WITH_AES_128_CBC_SHA, TLS_RSA_WITH_AES_256_GCM_SHA384, TLS_RSA_WITH_AES_128_GCM_SHA256, TLS_RSA_WITH_AES_256_CBC_SHA256, TLS_RSA_WITH_AES_128_CBC_SHA256, TLS_RSA_WITH_AES_256_CBC_SHA, TLS_RSA_WITH_AES_128_CBC_SHA, TLS_EMPTY_RENEGOTIATION_INFO_SCSV]
00:53:57.890 [main] DEBUG org.apache.http.conn.ssl.SSLConnectionSocketFactory -- Starting handshake
00:53:58.062 [main] DEBUG org.apache.http.conn.ssl.SSLConnectionSocketFactory -- Secure session established
00:53:58.062 [main] DEBUG org.apache.http.conn.ssl.SSLConnectionSocketFactory --  negotiated protocol: TLSv1.3
00:53:58.062 [main] DEBUG org.apache.http.conn.ssl.SSLConnectionSocketFactory --  negotiated cipher suite: TLS_AES_256_GCM_SHA384
00:53:58.062 [main] DEBUG org.apache.http.conn.ssl.SSLConnectionSocketFactory --  peer principal: CN=typicode.com
00:53:58.062 [main] DEBUG org.apache.http.conn.ssl.SSLConnectionSocketFactory --  peer alternative names: [typicode.com, *.typicode.com]
00:53:58.062 [main] DEBUG org.apache.http.conn.ssl.SSLConnectionSocketFactory --  issuer principal: CN=WE1, O=Google Trust Services, C=US
00:53:58.062 [main] DEBUG org.apache.http.impl.conn.DefaultHttpClientConnectionOperator -- Connection established 192.168.1.246:11235<->104.21.59.19:443
00:53:58.062 [main] DEBUG org.apache.http.impl.conn.DefaultManagedHttpClientConnection -- http-outgoing-0: set socket timeout to 30000
00:53:58.062 [main] DEBUG org.apache.http.impl.execchain.MainClientExec -- Executing request GET / HTTP/1.1
00:53:58.062 [main] DEBUG org.apache.http.impl.execchain.MainClientExec -- Target auth state: UNCHALLENGED
00:53:58.062 [main] DEBUG org.apache.http.impl.execchain.MainClientExec -- Proxy auth state: UNCHALLENGED
00:53:58.062 [main] DEBUG org.apache.http.headers -- http-outgoing-0 >> GET / HTTP/1.1
00:53:58.062 [main] DEBUG org.apache.http.headers -- http-outgoing-0 >> Host: jsonplaceholder.typicode.com
00:53:58.062 [main] DEBUG org.apache.http.headers -- http-outgoing-0 >> Connection: Keep-Alive
00:53:58.062 [main] DEBUG org.apache.http.headers -- http-outgoing-0 >> User-Agent: Apache-HttpClient/4.5.14 (Java/16)
00:53:58.062 [main] DEBUG org.apache.http.headers -- http-outgoing-0 >> Accept-Encoding: gzip,deflate
00:53:58.062 [main] DEBUG org.apache.http.wire -- http-outgoing-0 >> "GET / HTTP/1.1[\r][\n]"
00:53:58.062 [main] DEBUG org.apache.http.wire -- http-outgoing-0 >> "Host: jsonplaceholder.typicode.com[\r][\n]"
00:53:58.062 [main] DEBUG org.apache.http.wire -- http-outgoing-0 >> "Connection: Keep-Alive[\r][\n]"
00:53:58.062 [main] DEBUG org.apache.http.wire -- http-outgoing-0 >> "User-Agent: Apache-HttpClient/4.5.14 (Java/16)[\r][\n]"
00:53:58.062 [main] DEBUG org.apache.http.wire -- http-outgoing-0 >> "Accept-Encoding: gzip,deflate[\r][\n]"
00:53:58.062 [main] DEBUG org.apache.http.wire -- http-outgoing-0 >> "[\r][\n]"
00:53:58.093 [main] DEBUG org.apache.http.wire -- http-outgoing-0 << "HTTP/1.1 200 OK[\r][\n]"
00:53:58.093 [main] DEBUG org.apache.http.wire -- http-outgoing-0 << "Date: Tue, 17 Sep 2024 04:53:58 GMT[\r][\n]"
00:53:58.093 [main] DEBUG org.apache.http.wire -- http-outgoing-0 << "Content-Type: text/html; charset=UTF-8[\r][\n]"
00:53:58.093 [main] DEBUG org.apache.http.wire -- http-outgoing-0 << "Transfer-Encoding: chunked[\r][\n]"
00:53:58.093 [main] DEBUG org.apache.http.wire -- http-outgoing-0 << "Connection: keep-alive[\r][\n]"
00:53:58.093 [main] DEBUG org.apache.http.wire -- http-outgoing-0 << "Report-To: {"group":"heroku-nel","max_age":3600,"endpoints":[{"url":"https://nel.heroku.com/reports?ts=1726467242&sid=e11707d5-02a7-43ef-b45e-2cf4d2036f7d&s=rDY5TJjCUxnlo8ul0Xzfnr%2FACVO6Yxyk4ZysNbeZZz0%3D"}]}[\r][\n]"
00:53:58.093 [main] DEBUG org.apache.http.wire -- http-outgoing-0 << "Reporting-Endpoints: heroku-nel=https://nel.heroku.com/reports?ts=1726467242&sid=e11707d5-02a7-43ef-b45e-2cf4d2036f7d&s=rDY5TJjCUxnlo8ul0Xzfnr%2FACVO6Yxyk4ZysNbeZZz0%3D[\r][\n]"
00:53:58.093 [main] DEBUG org.apache.http.wire -- http-outgoing-0 << "Nel: {"report_to":"heroku-nel","max_age":3600,"success_fraction":0.005,"failure_fraction":0.05,"response_headers":["Via"]}[\r][\n]"
00:53:58.093 [main] DEBUG org.apache.http.wire -- http-outgoing-0 << "X-Powered-By: Express[\r][\n]"
00:53:58.093 [main] DEBUG org.apache.http.wire -- http-outgoing-0 << "X-Ratelimit-Limit: 1000[\r][\n]"
00:53:58.093 [main] DEBUG org.apache.http.wire -- http-outgoing-0 << "X-Ratelimit-Remaining: 999[\r][\n]"
00:53:58.093 [main] DEBUG org.apache.http.wire -- http-outgoing-0 << "X-Ratelimit-Reset: 1726467265[\r][\n]"
00:53:58.093 [main] DEBUG org.apache.http.wire -- http-outgoing-0 << "Vary: Origin, Accept-Encoding[\r][\n]"
00:53:58.093 [main] DEBUG org.apache.http.wire -- http-outgoing-0 << "Access-Control-Allow-Credentials: true[\r][\n]"
00:53:58.093 [main] DEBUG org.apache.http.wire -- http-outgoing-0 << "Cache-Control: public, max-age=43200[\r][\n]"
00:53:58.093 [main] DEBUG org.apache.http.wire -- http-outgoing-0 << "Last-Modified: Mon, 16 Sep 2024 01:58:19 GMT[\r][\n]"
00:53:58.093 [main] DEBUG org.apache.http.wire -- http-outgoing-0 << "Via: 1.1 vegur[\r][\n]"
00:53:58.093 [main] DEBUG org.apache.http.wire -- http-outgoing-0 << "CF-Cache-Status: HIT[\r][\n]"
00:53:58.093 [main] DEBUG org.apache.http.wire -- http-outgoing-0 << "Age: 23993[\r][\n]"
00:53:58.093 [main] DEBUG org.apache.http.wire -- http-outgoing-0 << "Server: cloudflare[\r][\n]"
00:53:58.093 [main] DEBUG org.apache.http.wire -- http-outgoing-0 << "CF-RAY: 8c467edded6742ad-EWR[\r][\n]"
00:53:58.093 [main] DEBUG org.apache.http.wire -- http-outgoing-0 << "Content-Encoding: gzip[\r][\n]"
00:53:58.093 [main] DEBUG org.apache.http.wire -- http-outgoing-0 << "alt-svc: h3=":443"; ma=86400[\r][\n]"
00:53:58.093 [main] DEBUG org.apache.http.wire -- http-outgoing-0 << "[\r][\n]"
00:53:58.093 [main] DEBUG org.apache.http.wire -- http-outgoing-0 << "a43[\r][\n]"
00:53:58.093 [main] DEBUG org.apache.http.wire -- http-outgoing-0 << "[0x1f][0x8b][0x8][0x0][0x0][0x0][0x0][0x0][0x0][0x3][0xac]YKo[0xe4][0xb8][0x11][0xbe][0xf7][0xaf][0xa8][0x15][0x10][0xb4][0x8d][0xb5][0xa4]v[0xcf]cw[0x8c]n-f<[0x9e][0xc7]b[0x1e][0xce][0xd8][0x9b][0xc5]"[0x8][0x2]J[0xaa][0x96]hS[0xa4][0x96][0xa4][0xfa][0xb1];[0x93]KN[0xb9]$[0xc0][0x1e][0x82]\[0x82][0xb9][0x4][0x8][0xf2][0xf]r[0xce]O[0xc9][0x1f][0xc8][0xfc][0x84][0xa0][0xa8]Ww[0xdb][0xd3][0xf6]l[0xe2][0x83]%[0x15][0x8b]E[0xb2][0x9e]_[0xb1][0x7][0x93][0xcf][0x1e][0xbf]>>[0xff][0xee][0xf4][0x4]r[[0x88]h0[0xa1][0x7][0x8]&[0xb3][0xa9][0x87][0xd2]#[0x2][0xb2]4[0x1a]L[\n]"
00:53:58.093 [main] DEBUG org.apache.http.wire -- http-outgoing-0 << "[0xb4][0xc][0x92][0x9c]i[0x83]v[0xea]Uv[0xe6][0xe9]A[0xd8][0xe]HV[0xe0][0xd4][0x9b]s\[0x94]J[[0xf][0x12]%-J;[0xf5][0x16]<[0xb5][0xf9]4[0xc5]9O[0xd0]w[0x1f][0x7][0xc0]%[0xb7][0x9c][0x9][0xdf]$L[0xe0][0xf4][0xf0][0x0]L[0xae][0xb9][0xbc][0xf4][0xad][0xf2]g[0xdc]N[0xa5][0xaa][0x5][0xb]./A[0xa3][0x98]z[0xc6][0xae][0x4][0x9a][0x1c][0xd1]z[0x90]k[0x9c]M[0xbd][0xd0][0x91][0x82][0xc4][0x98][0x9b]yskKs[0x14][0x86]I*/L[0x90][0x8]U[0xa5]3[0xc1]4[0x6][0x89]*Bv[0xc1][0x96][0xa1][0xe0][0xb1][0x9]K[0xcd]M[0xe1][0xdb][0x1c][0xb]4[0xe1]a[0xf0] [0x18]5$Q%Ls[0x15][0x14]\[0xf6][0xb]Zn[0x5]F_[0x9f][0xbd]~u*X[0x82][0xb9][0x12])j[0xf0]"
00:53:58.093 [main] DEBUG org.apache.http.headers -- http-outgoing-0 << HTTP/1.1 200 OK
00:53:58.093 [main] DEBUG org.apache.http.headers -- http-outgoing-0 << Date: Tue, 17 Sep 2024 04:53:58 GMT
00:53:58.093 [main] DEBUG org.apache.http.headers -- http-outgoing-0 << Content-Type: text/html; charset=UTF-8
00:53:58.093 [main] DEBUG org.apache.http.headers -- http-outgoing-0 << Transfer-Encoding: chunked
00:53:58.093 [main] DEBUG org.apache.http.headers -- http-outgoing-0 << Connection: keep-alive
00:53:58.093 [main] DEBUG org.apache.http.headers -- http-outgoing-0 << Report-To: {"group":"heroku-nel","max_age":3600,"endpoints":[{"url":"https://nel.heroku.com/reports?ts=1726467242&sid=e11707d5-02a7-43ef-b45e-2cf4d2036f7d&s=rDY5TJjCUxnlo8ul0Xzfnr%2FACVO6Yxyk4ZysNbeZZz0%3D"}]}
00:53:58.093 [main] DEBUG org.apache.http.headers -- http-outgoing-0 << Reporting-Endpoints: heroku-nel=https://nel.heroku.com/reports?ts=1726467242&sid=e11707d5-02a7-43ef-b45e-2cf4d2036f7d&s=rDY5TJjCUxnlo8ul0Xzfnr%2FACVO6Yxyk4ZysNbeZZz0%3D
00:53:58.093 [main] DEBUG org.apache.http.headers -- http-outgoing-0 << Nel: {"report_to":"heroku-nel","max_age":3600,"success_fraction":0.005,"failure_fraction":0.05,"response_headers":["Via"]}
00:53:58.093 [main] DEBUG org.apache.http.headers -- http-outgoing-0 << X-Powered-By: Express
00:53:58.093 [main] DEBUG org.apache.http.headers -- http-outgoing-0 << X-Ratelimit-Limit: 1000
00:53:58.093 [main] DEBUG org.apache.http.headers -- http-outgoing-0 << X-Ratelimit-Remaining: 999
00:53:58.093 [main] DEBUG org.apache.http.headers -- http-outgoing-0 << X-Ratelimit-Reset: 1726467265
00:53:58.093 [main] DEBUG org.apache.http.headers -- http-outgoing-0 << Vary: Origin, Accept-Encoding
00:53:58.093 [main] DEBUG org.apache.http.headers -- http-outgoing-0 << Access-Control-Allow-Credentials: true
00:53:58.093 [main] DEBUG org.apache.http.headers -- http-outgoing-0 << Cache-Control: public, max-age=43200
00:53:58.093 [main] DEBUG org.apache.http.headers -- http-outgoing-0 << Last-Modified: Mon, 16 Sep 2024 01:58:19 GMT
00:53:58.093 [main] DEBUG org.apache.http.headers -- http-outgoing-0 << Via: 1.1 vegur
00:53:58.093 [main] DEBUG org.apache.http.headers -- http-outgoing-0 << CF-Cache-Status: HIT
00:53:58.093 [main] DEBUG org.apache.http.headers -- http-outgoing-0 << Age: 23993
00:53:58.093 [main] DEBUG org.apache.http.headers -- http-outgoing-0 << Server: cloudflare
00:53:58.093 [main] DEBUG org.apache.http.headers -- http-outgoing-0 << CF-RAY: 8c467edded6742ad-EWR
00:53:58.093 [main] DEBUG org.apache.http.headers -- http-outgoing-0 << Content-Encoding: gzip
00:53:58.093 [main] DEBUG org.apache.http.headers -- http-outgoing-0 << alt-svc: h3=":443"; ma=86400
00:53:58.093 [main] DEBUG org.apache.http.impl.execchain.MainClientExec -- Connection can be kept alive indefinitely
00:53:58.109 [main] DEBUG org.apache.http.wire -- http-outgoing-0 << "[0xe1][0x89]F[0x84]'[0xec][0x12][0xe1][0xcd][0xc9][0xd9]9<<}>[0x9]k[0xde][0xc1]`b[0x12][0xcd]K[0xb][0xcc][0xac]d[0x2]F'[0xfd][0xde][0x16][0x8b]E[0x90])[0x95][0x9][0xb4],+[0x98]d[0x19]j[0xb7][0xbf][0xcc][0xb2],[0xbc]0_[0xf1]t[0xfa][0xd4]?[0xb9]s|[0xe7][0xe9][0xf1]/[0xf5][0xe8][0x95][0x17]M[0xc2]ZZ[0xd4][0x8a][0x8d][0x6][0xe0][0xfe][0x16]\[0xa6]j[0x11][0xa4][0xcc][0xb2][0x17]l[0x85][0x1a][0xa6]WIo[0xdf][0xc2][0xaf][0xd3][0xf0][0xcf]*[0x99]X[0xae]$[0xd0]R{[0xfb][0xf0]cC[0x7][0xe8][0xf8][0x83][0xb2]2[0xf9][0x1e][0xd3]YU[0xa0][0xb4]f[0xbf][0xe1]x[0xd7]<[0xdd][0xc4][0xe1][0x85][0x19][0x1e][0x80][0xc4][0x5]<f[0x16][0xf7][0xf6][0xf7][0x7][0x1b][0xa3][0x89][0x92]3[0x9e][\r][0xf]`[0xb8]~[0x8c]a-[0xea][0xca]Y[0xae]SQ[0x81])g[0x1][0xda][0x9c]'L[0xb0][0xd4][0x4]\[0xd5][0xb4]0[0x11][0x1c][0xa5][\r][0xd7][0x86][0xc8]T[0x17]fCIa[0xe3][0xc7][0xb1]JWd[0x8b][0x94][0xcf]![0x11][0xcc][0x98][0xa9][0x17]g~,*[0xf4][0xef][0x8d]F`qi[0xfd][0x4][0xa5]E[\r][0xe5][0xca][0x1f]S[0x4][0xac][0xb1][0x92]_3.QC[0xb1][0xf4]Ye[0x15][0x8d][0xb3]-G[0xcb][0xb8][0xcd][0xab][0xd8][0x99][0xcf][0xae]J[0x9e][0xa8][0x14][0xc3][0x82][0x1b][0xeb][0x9c][0xa7][0x11][0xe4][0xd6]Y[0xe4][0xdc][0xa2][0x17][0x1d][0xe7][0x98]\B[0xb1]r[0xda]+[0xb5][0xba][0xc0][0xc4][0xc2][0xc4]X[0xad]d[0x16]}x[0xff][0xd3][0xdf][0xe1]%7[0xf6][0xf8][0xec]l[0x12]6DXhn[0x11][0xde] K,$[0xaa]([0x95]$[0xc3][0xc0][0x82][0xdb][0x1c][0xee][0x8d]~[0x1][0x2][0x8d][0x1]Zx[0x12]2:|[0xca][0xe7][0xfd][0x83]4[0x81][0xba][0xdd]Ig[0xee][0xee]l[0x1d][0xa5]9c[0xff][0xcd][0x96][0xfe][0xc2][0xbf][0xbb][0x14][0x1d]e&p[0xe9][0xfe][0xf9][0x89][0xea][0xa9]Ez[0xe4]hZ-:[0xda]Ee,[0x9f][0xad][0xfc][0x18][0xed][0x2]Qv[0xf4]r[0xe5]+[0x89][0xfd][0xd4][0xd8][0xb7][0xb9][0xc6][0x96][0xe0][0x12][0xd0][0xe1][0x9a][0x8e][0xc3]N[0x83]3%[0xad][0x1f]+[0x91][0x82]T~%S[0xd4][0x82]K[0xf4][0xb6]c[0xb2]Q[0x80][0x13]"[0x19][0x1d][0xbf][0x12][0x9d][0x8][0x81]K[0xcf]e[0x8f][0xa8]_ [0xab]x[0x8a][0xdd]*[0x85][0xf6][0xef]n-[0xf0][0x94][0x18]H[0xec]$[0x14][0xbc][0x9e][0xbd][0xd3][0x7]L[0xa9][0xa4]Q[0xda]t[0xce][0xb0]K[0xf8]Y[0xcd][0xc]6[0xe7][0xa6][0xf5][0x85]I[0xc8]:[0xfd][0xd0][0x1f][0x9d][0xe7][0xe3]+[0xc7]BeA[0xbb][0x14]m`[0xd7]r[0x8f][0x84][0xca]>M|[0xb1][0xf2]/[0x8c][0x92][0xbe]A=G}[0xfd]B[0x9b]k[0xbc]\[0x1][0xd9][0x4][0xce][0xdc][0x8c][0x8f][0xae][0x16]VT~[0xc2][0xda]Fa[0xed][0xa3]u[0xf0][0xb9][0xd4][0x89]u[0x92][0xe2][0xe9][0xd4][0xcb]Q[0xab]n-[0xbf][0xb0][0xb5][0xc7][0xb8]p[0x1d][0x91][0x3][0x19][0xbe][0x4][0xbf]X[0xde][0x1c][0xbc][0xbd]C[0x13][0xa7])[0x99][0xdc][0x8][0xcf][0xfb]K[0x1][0xe4]`^[0xf4]#[0x1d][0xe0][0x1d]l[0xb8][0x15][0xb1];[0xef][0xec][0xd4]k}[0xbb]Pu[0x6][0x11][0x99][0x17][\r]\-[0x98]Q-`2[0xa5][0xea][0xc4]Y,[0x90]j[0x2][0xcc][0xc8][0xc4]h,[0x97][0x99][0x1b],[0xb5][0xb2][0x8a]t)[0xb3][0xa0][0xf5][0xd6][0xb2][0x13][0x1c]S[0x88][0xac][0x9]>U[0xb][0xd4][0x98]B[0xbc][0xba]][0xf2]Y3X[0x1d][0x1f][0xbd]-[0xa2][0xc1][0xe7][0xb7][0x93]![0xd4]"[0x8d][0xbd][0xe8][0x85]Z<~D[0xf3]h[0x9b]%[0xed]2[0x9a][0xc4][0x11][0x89][0xa3][0xa3][0xfc][0xee][0xe][0xc4]\[0x8]2[0x94][0xc6][0xef]+4[0xd6][0x0][0xb2]$[0x87]BI[0x9b]O[0xc2]8[\n]"
00:53:58.109 [main] DEBUG org.apache.http.wire -- http-outgoing-0 << "[0xea]YmBj[0xcc][0xba]n[0xe1][0x9b][0x8d][0xd5][0xd8][0xd8][0xe5][0x86][0xf1][0x86][0xc5][0xc6][0xf5][0xa0]Z[0x8b]$3[0x9][0xf3][0xf1][0x96]6[0xed][0x82][0xf2][0xf6]v[0xf1][0xe6][0x6]LU[0x12]~q[0xaa][0x5][0x9b]#[0xcc][0x94][0x10]jAG[0xa3],[0xcb]$GC[0xf6][0xfa][0xc4]x_[0xdb][0xb][0x8b]@Ix[0xca][0xed][0xb3]*>[0x80][0x84]2[0xff][0x80]0[0x7][0xa8][0xca][0xc2][0x87][0xf7]?[0xfd][0xb9]S[0xeb]5[0xa1][0xa7][0x92]K[0x94]i[0x1d]j[0x96][0xe9][0x8c][0x90][0xd8]oc[0xc1][0xe4]%[0xe9][0x82][0x17]Y]1[>3[0xcf][0xbc][0xad]S[0x83][0x83]G[0x14]B<[0xcb][0xed][0x11][0x1c][0x8e]F[0xe5][0xb2]F4u[0x9e][0xfc][0xd8][0xda]?T[0xa5]P[0x1][0xc1][0xac]uo[0xf2][0x17][0x18][0xef][0xdc][0xca]-[0xbd]2d[0xc6][0xa0]5[0xe1][0xbd]{[0xa3][0xf1]h[0xfc] |0[0xfe]2[0xfe][0xe2][0xde][0xf8][0xbe]?[0x9a][0xa5]3[0xff][0xee]}[0x86][0xfe][0x97][0xa3][0xf4][0x81]?[0xfe]b[0xc6]F8[0xbb]7[0xbb]{g[0xf4][0xf3][0x8e][0xd6]MZ5^[0xf0][0x89][0x96][0xfc]NU[0xba][0xf1][0x85][0x15][0x8][0x95])[0xc8]Q[0xe3][0xda][\n]"
00:53:58.109 [main] DEBUG org.apache.http.wire -- http-outgoing-0 << "?[0xdf][0xa5]g[0xaa][0xd2]7[0xf8][0xf4][0xb9]^[0x1][0xb7][0xad]GGo*Y[0x17][\n]"
00:53:58.109 [main] DEBUG org.apache.http.wire -- http-outgoing-0 << "[0xda][0x9b][0xdb][0x8][0x81]k`T[0xca][0x8d][0x12][0x8]J[0xc3]L[0xab][0x2]h[0xb3][0x86][<j[0xb4][0xa0]1[0x9a][0xb8]9[0x94]Nq[0xc9][0x8a]R[0xf4]U[0x89][0xc0][0xc5]2[0xf4]/[0xd8][0x9c][0xd5][0xf8][0xc9][0x8b]fh[0x93]|o[0xd8]*[0x89]lW[0xf6][0xb1][0xb3]Q[0x6]B[0xab]Re[0xc2][0xc3]a[0x8b][0x13][0x3][0x9b][0xa3][0xdc][0xd3][0xe8][0xd4][0x89]0[0x8d][0xa0]}[0xf]H[0xe]a[0xc5]uF[0xa2][0x11]Ss[0x88]@[0xa8][0xcc][0xd1][0xf6][0xf7]'![0xad][0x11]MB:[0xc0]`[0x12]W[0xd6]6%AW[0xd2][0xaf]?[0xbd]-\[0xe3][0xc0][0x1d]K.[0x9b][0xcf]\[0xcd]Q[0x1f][0xc5][0x99][0x9f]i[0xb6][0xf2][0xbf][0x18][0x8d][0x1a]z[0x8f][0xc7]ZX[0xdc][0xc2][0x8b]A[0x87]S[0xbe][0xaf][0x98][0xb6][0x1d]<*[0xb6][0x9][0xe5][0xd2][0xbf][0xdb][0xbc]jE[0xf5][0xaf][0x9e][0xea]E[0x3][0xb2]S[0xad][0xc8][0xc1]$[0xac][0xb7]y[0xc5][\n]"
00:53:58.109 [main] DEBUG org.apache.http.wire -- http-outgoing-0 << "[0x1a]M%[0xec]n#[0xfc][0xf8]nK[0x3]ew[0xf8][0x2][0x8d]aYoD.[0xe7][0xdc][0xf0]X[0xa0][0x17][\r][0x8e][0x95][0xcc]4[0xb3][0xe6]3[0xf8]NU[0xc3]9B[0xc1]R[0x84][0x15]y[0xf2][0x8c]kc!aB[0x80]U[0xb0][0x95][0x11][0x3][0xf8][0xf0][0xfe]/[0xbf][0x87][0xf][0xef][0xff][0xf8][0x87][0xc6][0xb9][0xd7][0x8a]i[0xae]4[0xff][0x81][0x1c]Z[0xc0]L0[0xb],e[0xa5][0xe5]s[0xf4]\[0xdb][0xe0]#[0xf3][0xcb]*[0x16][0xdc][0xe4][0xa8][0xa7][0xde][0x96][0xbb][0xb4][0xde][0xe2][0x12]Y[0xcb][0xde][0x84][0xaf][0xb1]<[0xb9]\[0xc5]j[0xd9][0x8f]\[0xe2]j[0xa1]tj[0xa6]^[0xaf][0x8c][0xb7]vUb[0xf3]Z[0xa8][0x98][0xb]|[0xab][0x9][\r][0xbf][0x9d]W[0xf8]v[0xa6]][0xfb][0x99][0xd6]/>[0xbd][0xc5][0xcc][0xe5]D[0xf7]$[0x2][0xf5][0x6][0xdb]5hR0.o[0x5][0x16]&[0xf9]8[0xfa]6GIJ[0xab][0xc]"
00:53:58.109 [main] DEBUG org.apache.http.wire -- http-outgoing-0 << "v[0x1]yMIa0#[0x18][0xa0]$[0x81][0xa1][0xae])[0x4][0x9b]3K&[0x80][0x84]I[0x12][0xd1][0xe1][0xfd]E[0x8e][0x12][0xe7][0xa8][0xdd][0xa0]DL[0xc1][0xa8][0xa2][0x81][0x11][0xa4][0x90][0xae][0x7][0x8][0xe0][0xb9]u[0xb3]c[0xac][0x83][0xfe][0xcd][0xc9][0xc3][0xc7]/O[0xd6][0xcb][0xb][0xa1][0xc][0x6])[0x16][0x8a][0xa8][0xc7]*[0xc5]3&[0xd3]X-][0x9a]p[0xae][0xd7][0x4][0xbf]![0x86]3[0xcb][0x92]Kx=G=[0x13]jq[0x0]A[0x10]([\r][0x86][0x17][0xa5]X[0xd1]I[0x9][0xb0]P[0xbe][0x91][0x99][0x1][0xa1][0xc8]iVM9[0xcf][0xc7][0xd1][0x1b]4[0xaa][0xd2][0x9][0x9a][0x8f]*#Q[0x5]6-[\n]"
00:53:58.109 [main] DEBUG org.apache.http.wire -- http-outgoing-0 << "[0x3][0x83][0x16][0xd4][0xc][0xee][0x13][0xb5]pp[0xa1][0x99][0xde][0xa4](KP[0x89][0x9e]M[0xdb]f[0xb5][0xfb][0x88]&[0xa1][0xcd]7[0xde]B7[0x12]v|u[0xd7][0xf0][0xa7]k[0xb8][0xbe]T[0xc6][0x1a]/[0xaa][0x9f]5|[0xb7]i[0xcd]t8[0x1a]ACv[0xa4]Z[0xe6]U[0x11][0xb4]W[0xea][0xb3][0xbc][0xa8]{[0xdd][0x14]D[0x1d]d?[0xb2]S[0x16][0x13]qU[0x90][0xa4][0xfa][0xe5][0xea][0x86]Z[0xfa]N)e[0xae][0xac]r[0xa7]r/Wv3[0x82]v`[0xa7][0x18][0x97][0xb1][0xbd][0xa8]~n[\n]"
00:53:58.109 [main] DEBUG org.apache.http.wire -- http-outgoing-0 << "[0x19]SS\[0x93]w[0x8a][0xa8][0xc]j[0x12][0xe1][0x9e][0xdb][0xa7][0x81][0x86][0xba]&!l-[0x15][0xb6][0xa6].[0xa3]6[0x6]^)[0x8b][0x9d][0x9f][0x1f][0xf5][0xbe][0x1]9[0x9b]#[0x1]iF[0x1]k[0x2]x[0xa2]t[0xeb][0xc1]G[0xb5][0x5]k[0x96][0x82][\n]"
00:53:58.109 [main] DEBUG org.apache.http.wire -- http-outgoing-0 << "^k[0x88][0x83]F[0x95]kC[0xb5]R[0x9c][0x87][0x83]A[0x84][0xed][0xee]/[0xca][0xda][0x1e][0xaf]F[0xea][0x84][0x4]+!@pc[0xd7]\^Uv[0xcd][0xdf][0x1f][\n]"
00:53:58.109 [main] DEBUG org.apache.http.wire -- http-outgoing-0 << "[0x1][0xcf][0xce][0xcf]O[0xa1]@[0x9b][0xab][0xd4][0x0][0xd3][0xd8]#[0xca][0x80][0x92]o[0x17][0xed]TG[0xa9]:[0xbb]z[0xea][0xd6]p[0xe9][0xb8][0x5][0xcd][0xc1][0xff]7[0x8][0x9e][0x9e][0x9c][0xf7][0xd6][0xb8]9"6M[0xbc]krx[0xd8]N[0xf][0xf][0xa6][0x80][0xf5][0xa0][0xda]&}[0xaa][0xc8]v[0xde]W$[0xe8]y:=\[0xb][0xd4][0x8e][0xf6]Q[0xa1][0xa7][0xaf][0xcf][0xd6][0xa4][0x86][0x1f]O[0x8][0xa7][0xdf]\[0xe1][0xa3][0xe3]_[0xc7][0xf9][0xf0][0xfc][0xf8][0xd9]-y[0x1f][0x9f][0xbc]89?[0xb9][0x81][0xf9][0x13][0xa2][0xe6][0x16]~][0x11]d[0xe8]J@[0xef][0xd8][0xdf][0x98][0x6][0x1e][0xa8][0x85]l[0x8a]N[0xe3][0xe3][0xdf]R[0xf6][0xa6][0x91][0x6][0x1a][0xc3][0xce]&%zY[0xb8][0x5][0xa9][0xcd]eu5[0xc1][0xa6]B[0x81][0xc6]R[0x1d]te[0xd0][0xc5]g[0xb7][0xae][0xab]x[0xeb]e[0xb3]n[0x15][0xa8]r[0x19]L[0x94]L[0xdb][\r][0x87]T[0xb6]7[0xae]A[0xc3][0x10][0xbe][0xb9][0x12]d13[0x98]R[0x99][0xa3][0xd2]E[0xf9]#pMw}o5g]"[0x81])[0xa4]*q7[0x9d]A[0x86][0xf6]D [0xbd]>Z=O[0xf7][0x86][\r][0x8b]C[0xb6][0xcd]{@[0xc8][0xf1][0xb8][0xbe][0xee][0x86][0xe9]u[0xd4]@[0xa3][0xc3]>5z>[0x1a][0x1e]\[0xdd][0x81][0xbb],[\r]Cx[0xc6][0xb3]\P[0xfb][0x2]5[0x1c][0x4][0xac]Wov[0xd8][0x10]wl[0xb0][0xe6][0x18][0xb6][0xf2][0x8]x6;jET[0xf2]Q[\r][0x9b]wI[0xe9][0xd0][0xb4];i7'P2[0x11]<[0xb9][0x84]ik[0xdc][0xdd][0x18];[0xe9]J[0xd1][0xf6][0xae][0x9c][0xf]>[0x87][0xe1][0xee][0xa6]a[0xd8][0xcb][0xa8][0xe4][0xcb][0x1a][0xcc][0xde][0xb4][0xc5][0x6][0xf3][0xe][0x9b][0xab][0xe6][0xff][0xbd]E[0xe9]z[0x94][0xfd][0x1b][0x9b][0x94][0xba]#![0xb6][0xfe][0xbe][0x9c]vo,][0xb8][0x13][0xf4][0x9][0x8c][0xd5]\f|[0xb6]r[0xbc][0x7] +![0xe]`[0x8]0[0xec][0xee][0xc6][0x9d][0x91][0x9e](][0xb0][0xd6][0xe2][0xdd]@[0xfd][0x19]p)Q?;[0xf9][0x2][0xa6]pJ?G[0x4]y[0xeb]#{k[0xf7]h[0xc6][0xea][0x83][0xb5][0xcf][0x9a][0xb3][0xed]!L[0xd0][0xe3][0xe6]u[0xae]aO[0x1e]v[0xe4][0xb5][0xbd][0xf5][0x96][0x8][0x1c](~[0xc5][\n]"
00:53:58.109 [main] DEBUG org.apache.http.wire -- http-outgoing-0 << "[0xb2][0xc9][0xb0]e~G*y7X[0xbf]don[0xeb]fJ[0xd9][0xfe][0x86]yg[0xdf]k[0xbb][0xbe]w[0xad][0xb9]h[0xfb][0xdd][0x9d][0xdd][0xb9][0xc3][0x14][0xfd]uB[0xdb][0xac][0xe7][0xbc]t[0xb7]yu[0x1e]l[0x8b][0xae][0xb9][0xe6]^[0x15][0xf6](')[0x9b][0xa3]6[0xfb]=n[0xee]r[0xe8]`[0xe3][0xf2][0xfc][0xba][0xed][0x11][0xa4]N]f[0xa3][0x1c][0xe4][0xe][0x99][0xd6][0x8][0xf7][0xdf][0xfd][0xdb][0xfe][0xf9][0xa7][0xdb][0xde][0xd0]yQ[0xfb][0xe6]R[0xe5][0xbf][0xfe][0x1][0xe3][0xd1][0xf8]nMV[0xeb][0xb3][0xff]yd[0xe3]n[0xe5]6[0xbf]k[0x85][0x87][0xc1][0xb8][0xfb]E[0xeb][0xda][0x9f]G[0xda][0xba][0xe2]~[0x6][0xfc]/[0x0][0x0][0x0][0xff][0xff][\r][\n]"
00:53:58.109 [main] DEBUG org.apache.http.wire -- http-outgoing-0 << "b[\r][\n]"
00:53:58.109 [main] DEBUG org.apache.http.wire -- http-outgoing-0 << "[0xe3][0x2][0x0]A[0x14][0xbd][0x1e][0x18][0x1c][0x0][0x0][\r][\n]"
00:53:58.109 [main] DEBUG org.apache.http.impl.conn.DefaultManagedHttpClientConnection -- http-outgoing-0: Close connection
00:53:58.109 [main] DEBUG org.apache.http.impl.execchain.MainClientExec -- Connection discarded
00:53:58.109 [main] DEBUG org.apache.http.impl.conn.PoolingHttpClientConnectionManager -- Connection released: [id: 0][route: {s}->https://jsonplaceholder.typicode.com:443][total available: 0; route allocated: 0 of 5; total allocated: 0 of 10]
00:53:58.109 [main] DEBUG org.apache.http.impl.conn.PoolingHttpClientConnectionManager -- Connection manager is shutting down
00:53:58.109 [main] DEBUG org.apache.http.impl.conn.PoolingHttpClientConnectionManager -- Connection manager shut down
00:53:58.109 [main] DEBUG com.intuit.karate -- response time in milliseconds: 360
1 < 200
1 < Date: Tue, 17 Sep 2024 04:53:58 GMT
1 < Content-Type: text/html; charset=UTF-8
1 < Transfer-Encoding: chunked
1 < Connection: keep-alive
1 < Report-To: {"group":"heroku-nel","max_age":3600,"endpoints":[{"url":"https://nel.heroku.com/reports?ts=1726467242&sid=e11707d5-02a7-43ef-b45e-2cf4d2036f7d&s=rDY5TJjCUxnlo8ul0Xzfnr%2FACVO6Yxyk4ZysNbeZZz0%3D"}]}
1 < Reporting-Endpoints: heroku-nel=https://nel.heroku.com/reports?ts=1726467242&sid=e11707d5-02a7-43ef-b45e-2cf4d2036f7d&s=rDY5TJjCUxnlo8ul0Xzfnr%2FACVO6Yxyk4ZysNbeZZz0%3D
1 < Nel: {"report_to":"heroku-nel","max_age":3600,"success_fraction":0.005,"failure_fraction":0.05,"response_headers":["Via"]}
1 < X-Powered-By: Express
1 < X-Ratelimit-Limit: 1000
1 < X-Ratelimit-Remaining: 999
1 < X-Ratelimit-Reset: 1726467265
1 < Vary: Origin, Accept-Encoding
1 < Access-Control-Allow-Credentials: true
1 < Cache-Control: public, max-age=43200
1 < Last-Modified: Mon, 16 Sep 2024 01:58:19 GMT
1 < Via: 1.1 vegur
1 < CF-Cache-Status: HIT
1 < Age: 23993
1 < Server: cloudflare
1 < CF-RAY: 8c467edded6742ad-EWR
1 < alt-svc: h3=":443"; ma=86400

<!DOCTYPE html>
<html lang="en">
<head>
<meta charset="utf-8" />
<meta name="viewport" content="width=device-width, initial-scale=1, shrink-to-fit=no" />
<link rel="stylesheet" href="/style.css" />
<link rel="stylesheet" href="https://cdnjs.cloudflare.com/ajax/libs/prism-themes/1.9.0/prism-lucario.min.css" />
<title>JSONPlaceholder - Free Fake REST API</title>

<script async src="https://www.googletagmanager.com/gtag/js?id=G-E3C3GCQVBN"></script>
<script>
      window.dataLayer = window.dataLayer || []
      function gtag() {
        dataLayer.push(arguments)
      }
      gtag('js', new Date())

      gtag('config', 'G-E3C3GCQVBN')
    </script>
<script async src="https://media.ethicalads.io/media/client/ethicalads.min.js"></script>
</head>
<body>

<div class="bg-blue-500 text-center py-2">
<div class="container mx-auto">
<a href="https://github.com/typicode/mistcss" class="text-white">Check my new project <strong>? MistCSS</strong> write React components with 50% less code</a>
</div>
</div>
<header class="
        container
        mx-auto
        max-w-4xl
        flex flex-col
        md:flex-row
        justify-between
        py-one
        mb-three
      ">
<h1>
<a href="/" class="font-bold no-underline">JSONPlaceholder</a>
</h1>
<nav>
<ul class="flex">
<li><a href="/guide" class="mr-4 no-underline">Guide</a></li>
<li>
<a href="https://github.com/sponsors/typicode" class="mr-4 no-underline">Sponsor this project</a
            >
</li>
<li>
<a href="https://blog.typicode.com" class="mr-4 no-underline">Blog</a
            >
</li>
<li>
<a href="https://my-json-server.typicode.com" class="no-underline">My JSON Server</a
            >
</li>
</ul>
</nav>
</header>
<div>

<section id="hero" class="-mt-three py-20 mb-six -mx-2">
<div class="container mx-auto max-w-4xl">
<span class="text-6xl bold">{JSON} Placeholder</span>
<h1 class="mt-two text-lg">
Free fake and reliable API for testing and prototyping.
</h1>
<p class="mb-one text-lg">
Powered by
<a href="https://github.com/typicode/json-server">JSON Server</a>
+
<a href="https://github.com/typicode/lowdb">LowDB</a>.
</p>
<p><b>Serving ~3 billion requests each month</b>.</p>
</div>
</section>

<section class="container mx-auto max-w-4xl mb-six">
<h2 class="text-2xl mb-one">Sponsors</h2>
<p class="mb-two">
JSONPlaceholder is supported by the following companies and
<a href="https://github.com/sponsors/typicode">Sponsors</a> on GitHub, check
them out ?
</p>
<p>
<a href="https://mockend.com" target="_blank">
<img src="mockend.svg" class="mb-two" style="height: 100px" />
</a>
</p>
<p>
<a href="https://zuplo.link/json-server-web" target="_blank">
<img src="https://github.com/typicode/json-server/assets/5502029/928b7526-0fdf-46ae-80d9-27fa0ef5f430" class="mb-two" style="height: 100px" />
</a>
</p>
<p class="my-two">
<a href="https://github.com/sponsors/typicode">Your company logo here</a>
</p>
</section>

<section class="container mx-auto max-w-4xl mb-four">
<h2 class="text-2xl mb-one">Try it</h2>
<p>Run this code here, in a console or from any site:</p>
<pre><code id="example" class="language-javascript">fetch('https://jsonplaceholder.typicode.com/todos/1')
      .then(response => response.json())
      .then(json => console.log(json))</code></pre>
<button id="run-button" class="
      bg-black
      hover:bg-gray-700
      text-white
      font-bold
      py-quarter
      my-quarter
      px-4
      rounded
    ">
Run script
</button>
<pre><code id="result" class="language-javascript">{}</code></pre>
<p id="run-message" class="invisible">
Congrats! You've made your first call to JSONPlaceholder. ? ?
</p>
<div class="horizontal flat adaptive" data-ea-publisher="jsonplaceholdertypicodecom" data-ea-style="stickybox" data-ea-keywords="javascript|typescript|mobile|react|vue|frontend|front-end|backend|back-end"></div>
</section>
<main class="container mx-auto max-w-4xl"><h2>When to use</h2>
<p>JSONPlaceholder is a free online REST API that you can use <strong>whenever you need some fake data</strong>. It can be in a README on GitHub, for a demo on CodeSandbox, in code examples on Stack Overflow, ...or simply to test things locally.</p>
<h2>Resources</h2>
<p>JSONPlaceholder comes with a set of 6 common resources:</p>
<table>
<thead>
<tr>
<th></th>
<th></th>
</tr>
</thead>
<tbody>
<tr>
<td><a href="/posts">/posts</a></td>
<td>100 posts</td>
</tr>
<tr>
<td><a href="/comments">/comments</a></td>
<td>500 comments</td>
</tr>
<tr>
<td><a href="/albums">/albums</a></td>
<td>100 albums</td>
</tr>
<tr>
<td><a href="/photos">/photos</a></td>
<td>5000 photos</td>
</tr>
<tr>
<td><a href="/todos">/todos</a></td>
<td>200 todos</td>
</tr>
<tr>
<td><a href="/users">/users</a></td>
<td>10 users</td>
</tr>
</tbody>
</table>
<p><strong>Note</strong>: resources have relations. For example: posts have many comments, albums have many photos, ... see <a href="/guide">guide</a> for the full list.</p>
<h2>Routes</h2>
<p>All HTTP methods are supported. You can use http or https for your requests.</p>
<table>
<thead>
<tr>
<th></th>
<th></th>
</tr>
</thead>
<tbody>
<tr>
<td>GET</td>
<td><a href="/posts">/posts</a></td>
</tr>
<tr>
<td>GET</td>
<td><a href="/posts/1">/posts/1</a></td>
</tr>
<tr>
<td>GET</td>
<td><a href="/posts/1/comments">/posts/1/comments</a></td>
</tr>
<tr>
<td>GET</td>
<td><a href="/comments?postId=1">/comments?postId=1</a></td>
</tr>
<tr>
<td>POST</td>
<td>/posts</td>
</tr>
<tr>
<td>PUT</td>
<td>/posts/1</td>
</tr>
<tr>
<td>PATCH</td>
<td>/posts/1</td>
</tr>
<tr>
<td>DELETE</td>
<td>/posts/1</td>
</tr>
</tbody>
</table>
<p><strong>Note</strong>: see <a href="/guide">guide</a> for usage examples.</p>
<h2>Use your own data</h2>
<p>With our sponsor <a href="https://mockend.com">Mockend</a> and a simple GitHub repo, you can have your own fake online REST server in seconds.</p>
</main>
<script>
  // Use http or https based on location.protocol
  var example = document.getElementById('example')
  example.textContent = example.textContent.replace('http:', location.protocol)

  // Highlight result element
  var result = document.getElementById('result')

  // Run example
  var runButton = document.getElementById('run-button')
  runButton.onclick = function () {
    var root = location.protocol + '//jsonplaceholder.typicode.com'
    var runMessage = document.getElementById('run-message')

    fetch('https://jsonplaceholder.typicode.com/todos/1')
      .then((response) => response.json())
      .then((json) => {
        var str = JSON.stringify(json, null, '  ')

        // Format result
        result.innerHTML = Prism.highlight(
          str,
          Prism.languages.javascript,
          'javascript'
        )

        runMessage.className = ''
      })
  }
</script>
</div>

<footer class="container mx-auto max-w-4xl mt-four">
<div class="mb-one">
<a href="https://github.com/users/typicode/sponsorship">
<strong>You can sponsor this project (and others) on GitHub</strong>
</a>
</div>
<div class="mb-one">
Coded and maintained with ?? by
<a href="https://github.com/typicode">typicode</a> © 2024
</div>
</footer>
<script src="https://cdnjs.cloudflare.com/ajax/libs/prism/1.29.0/prism.min.js"></script>
</body>
</html>


00:53:58.203 [main] INFO com.intuit.karate -- [print] 
<!DOCTYPE html>
<html lang="en">
<head>
<meta charset="utf-8" />
<meta name="viewport" content="width=device-width, initial-scale=1, shrink-to-fit=no" />
<link rel="stylesheet" href="/style.css" />
<link rel="stylesheet" href="https://cdnjs.cloudflare.com/ajax/libs/prism-themes/1.9.0/prism-lucario.min.css" />
<title>JSONPlaceholder - Free Fake REST API</title>

<script async src="https://www.googletagmanager.com/gtag/js?id=G-E3C3GCQVBN"></script>
<script>
      window.dataLayer = window.dataLayer || []
      function gtag() {
        dataLayer.push(arguments)
      }
      gtag('js', new Date())

      gtag('config', 'G-E3C3GCQVBN')
    </script>
<script async src="https://media.ethicalads.io/media/client/ethicalads.min.js"></script>
</head>
<body>

<div class="bg-blue-500 text-center py-2">
<div class="container mx-auto">
<a href="https://github.com/typicode/mistcss" class="text-white">Check my new project <strong>? MistCSS</strong> write React components with 50% less code</a>
</div>
</div>
<header class="
        container
        mx-auto
        max-w-4xl
        flex flex-col
        md:flex-row
        justify-between
        py-one
        mb-three
      ">
<h1>
<a href="/" class="font-bold no-underline">JSONPlaceholder</a>
</h1>
<nav>
<ul class="flex">
<li><a href="/guide" class="mr-4 no-underline">Guide</a></li>
<li>
<a href="https://github.com/sponsors/typicode" class="mr-4 no-underline">Sponsor this project</a
            >
</li>
<li>
<a href="https://blog.typicode.com" class="mr-4 no-underline">Blog</a
            >
</li>
<li>
<a href="https://my-json-server.typicode.com" class="no-underline">My JSON Server</a
            >
</li>
</ul>
</nav>
</header>
<div>

<section id="hero" class="-mt-three py-20 mb-six -mx-2">
<div class="container mx-auto max-w-4xl">
<span class="text-6xl bold">{JSON} Placeholder</span>
<h1 class="mt-two text-lg">
Free fake and reliable API for testing and prototyping.
</h1>
<p class="mb-one text-lg">
Powered by
<a href="https://github.com/typicode/json-server">JSON Server</a>
+
<a href="https://github.com/typicode/lowdb">LowDB</a>.
</p>
<p><b>Serving ~3 billion requests each month</b>.</p>
</div>
</section>

<section class="container mx-auto max-w-4xl mb-six">
<h2 class="text-2xl mb-one">Sponsors</h2>
<p class="mb-two">
JSONPlaceholder is supported by the following companies and
<a href="https://github.com/sponsors/typicode">Sponsors</a> on GitHub, check
them out ?
</p>
<p>
<a href="https://mockend.com" target="_blank">
<img src="mockend.svg" class="mb-two" style="height: 100px" />
</a>
</p>
<p>
<a href="https://zuplo.link/json-server-web" target="_blank">
<img src="https://github.com/typicode/json-server/assets/5502029/928b7526-0fdf-46ae-80d9-27fa0ef5f430" class="mb-two" style="height: 100px" />
</a>
</p>
<p class="my-two">
<a href="https://github.com/sponsors/typicode">Your company logo here</a>
</p>
</section>

<section class="container mx-auto max-w-4xl mb-four">
<h2 class="text-2xl mb-one">Try it</h2>
<p>Run this code here, in a console or from any site:</p>
<pre><code id="example" class="language-javascript">fetch('https://jsonplaceholder.typicode.com/todos/1')
      .then(response => response.json())
      .then(json => console.log(json))</code></pre>
<button id="run-button" class="
      bg-black
      hover:bg-gray-700
      text-white
      font-bold
      py-quarter
      my-quarter
      px-4
      rounded
    ">
Run script
</button>
<pre><code id="result" class="language-javascript">{}</code></pre>
<p id="run-message" class="invisible">
Congrats! You've made your first call to JSONPlaceholder. ? ?
</p>
<div class="horizontal flat adaptive" data-ea-publisher="jsonplaceholdertypicodecom" data-ea-style="stickybox" data-ea-keywords="javascript|typescript|mobile|react|vue|frontend|front-end|backend|back-end"></div>
</section>
<main class="container mx-auto max-w-4xl"><h2>When to use</h2>
<p>JSONPlaceholder is a free online REST API that you can use <strong>whenever you need some fake data</strong>. It can be in a README on GitHub, for a demo on CodeSandbox, in code examples on Stack Overflow, ...or simply to test things locally.</p>
<h2>Resources</h2>
<p>JSONPlaceholder comes with a set of 6 common resources:</p>
<table>
<thead>
<tr>
<th></th>
<th></th>
</tr>
</thead>
<tbody>
<tr>
<td><a href="/posts">/posts</a></td>
<td>100 posts</td>
</tr>
<tr>
<td><a href="/comments">/comments</a></td>
<td>500 comments</td>
</tr>
<tr>
<td><a href="/albums">/albums</a></td>
<td>100 albums</td>
</tr>
<tr>
<td><a href="/photos">/photos</a></td>
<td>5000 photos</td>
</tr>
<tr>
<td><a href="/todos">/todos</a></td>
<td>200 todos</td>
</tr>
<tr>
<td><a href="/users">/users</a></td>
<td>10 users</td>
</tr>
</tbody>
</table>
<p><strong>Note</strong>: resources have relations. For example: posts have many comments, albums have many photos, ... see <a href="/guide">guide</a> for the full list.</p>
<h2>Routes</h2>
<p>All HTTP methods are supported. You can use http or https for your requests.</p>
<table>
<thead>
<tr>
<th></th>
<th></th>
</tr>
</thead>
<tbody>
<tr>
<td>GET</td>
<td><a href="/posts">/posts</a></td>
</tr>
<tr>
<td>GET</td>
<td><a href="/posts/1">/posts/1</a></td>
</tr>
<tr>
<td>GET</td>
<td><a href="/posts/1/comments">/posts/1/comments</a></td>
</tr>
<tr>
<td>GET</td>
<td><a href="/comments?postId=1">/comments?postId=1</a></td>
</tr>
<tr>
<td>POST</td>
<td>/posts</td>
</tr>
<tr>
<td>PUT</td>
<td>/posts/1</td>
</tr>
<tr>
<td>PATCH</td>
<td>/posts/1</td>
</tr>
<tr>
<td>DELETE</td>
<td>/posts/1</td>
</tr>
</tbody>
</table>
<p><strong>Note</strong>: see <a href="/guide">guide</a> for usage examples.</p>
<h2>Use your own data</h2>
<p>With our sponsor <a href="https://mockend.com">Mockend</a> and a simple GitHub repo, you can have your own fake online REST server in seconds.</p>
</main>
<script>
  // Use http or https based on location.protocol
  var example = document.getElementById('example')
  example.textContent = example.textContent.replace('http:', location.protocol)

  // Highlight result element
  var result = document.getElementById('result')

  // Run example
  var runButton = document.getElementById('run-button')
  runButton.onclick = function () {
    var root = location.protocol + '//jsonplaceholder.typicode.com'
    var runMessage = document.getElementById('run-message')

    fetch('https://jsonplaceholder.typicode.com/todos/1')
      .then((response) => response.json())
      .then((json) => {
        var str = JSON.stringify(json, null, '  ')

        // Format result
        result.innerHTML = Prism.highlight(
          str,
          Prism.languages.javascript,
          'javascript'
        )

        runMessage.className = ''
      })
  }
</script>
</div>

<footer class="container mx-auto max-w-4xl mt-four">
<div class="mb-one">
<a href="https://github.com/users/typicode/sponsorship">
<strong>You can sponsor this project (and others) on GitHub</strong>
</a>
</div>
<div class="mb-one">
Coded and maintained with ?? by
<a href="https://github.com/typicode">typicode</a> © 2024
</div>
</footer>
<script src="https://cdnjs.cloudflare.com/ajax/libs/prism/1.29.0/prism.min.js"></script>
</body>
</html>
 
00:53:58.282 [main] DEBUG org.thymeleaf.TemplateEngine -- [THYMELEAF] INITIALIZING TEMPLATE ENGINE
00:53:58.455 [main] DEBUG org.thymeleaf.TemplateEngine.CONFIG -- Initializing Thymeleaf Template engine configuration...
[THYMELEAF] TEMPLATE ENGINE CONFIGURATION:
[THYMELEAF] * Thymeleaf version: 3.1.2.RELEASE (built 2023-07-30T19:25:50+0000)
[THYMELEAF] * Cache Manager implementation: org.thymeleaf.cache.StandardCacheManager
[THYMELEAF] * Template resolvers:
[THYMELEAF]     * [1] com.intuit.karate.template.ResourceHtmlTemplateResolver
[THYMELEAF] * Message resolvers:
[THYMELEAF]     * org.thymeleaf.messageresolver.StandardMessageResolver
[THYMELEAF] * Link builders:
[THYMELEAF]     * org.thymeleaf.linkbuilder.StandardLinkBuilder
[THYMELEAF] * Dialect [1 of 2]: Standard (com.intuit.karate.template.KarateStandardDialect)
[THYMELEAF]     * Prefix: "th"
[THYMELEAF]     * Processors for Template Mode: HTML
[THYMELEAF]         * Element Tag Processors by [matching element and attribute name] [precedence]:
[THYMELEAF]             * [* {th:include,data-th-include}] [100]: org.thymeleaf.standard.processor.StandardIncludeTagProcessor
[THYMELEAF]             * [* {th:insert,data-th-insert}] [100]: org.thymeleaf.standard.processor.StandardInsertTagProcessor
[THYMELEAF]             * [* {th:replace,data-th-replace}] [100]: org.thymeleaf.standard.processor.StandardReplaceTagProcessor
[THYMELEAF]             * [* {th:each,data-th-each}] [200]: com.intuit.karate.template.KarateEachTagProcessor
[THYMELEAF]             * [* {th:switch,data-th-switch}] [250]: org.thymeleaf.standard.processor.StandardSwitchTagProcessor
[THYMELEAF]             * [* {th:case,data-th-case}] [275]: org.thymeleaf.standard.processor.StandardCaseTagProcessor
[THYMELEAF]             * [* {th:if,data-th-if}] [300]: org.thymeleaf.standard.processor.StandardIfTagProcessor
[THYMELEAF]             * [* {th:unless,data-th-unless}] [400]: org.thymeleaf.standard.processor.StandardUnlessTagProcessor
[THYMELEAF]             * [* {th:object,data-th-object}] [500]: org.thymeleaf.standard.processor.StandardObjectTagProcessor
[THYMELEAF]             * [* {th:with,data-th-with}] [600]: com.intuit.karate.template.KarateWithTagProcessor
[THYMELEAF]             * [* {th:attr,data-th-attr}] [700]: com.intuit.karate.template.KarateAttributeTagProcessor.KarateAttrTagProcessor
[THYMELEAF]             * [* {th:attrappend,data-th-attrappend}] [900]: com.intuit.karate.template.KarateAttributeTagProcessor.KarateAttrappendTagProcessor
[THYMELEAF]             * [* {th:attrprepend,data-th-attrprepend}] [900]: com.intuit.karate.template.KarateAttributeTagProcessor.KarateAttrprependTagProcessor
[THYMELEAF]             * [* {th:alt-title,data-th-alt-title}] [990]: org.thymeleaf.standard.processor.StandardAltTitleTagProcessor
[THYMELEAF]             * [* {th:lang-xmllang,data-th-lang-xmllang}] [990]: org.thymeleaf.standard.processor.StandardLangXmlLangTagProcessor
[THYMELEAF]             * [* {th:action,data-th-action}] [1000]: org.thymeleaf.standard.processor.StandardActionTagProcessor
[THYMELEAF]             * [* {th:autoplay,data-th-autoplay}] [1000]: org.thymeleaf.standard.processor.StandardConditionalFixedValueTagProcessor
[THYMELEAF]             * [* {th:default,data-th-default}] [1000]: org.thymeleaf.standard.processor.StandardConditionalFixedValueTagProcessor
[THYMELEAF]             * [* {th:selected,data-th-selected}] [1000]: org.thymeleaf.standard.processor.StandardConditionalFixedValueTagProcessor
[THYMELEAF]             * [* {th:readonly,data-th-readonly}] [1000]: org.thymeleaf.standard.processor.StandardConditionalFixedValueTagProcessor
[THYMELEAF]             * [* {th:checked,data-th-checked}] [1000]: org.thymeleaf.standard.processor.StandardConditionalFixedValueTagProcessor
[THYMELEAF]             * [* {th:novalidate,data-th-novalidate}] [1000]: org.thymeleaf.standard.processor.StandardConditionalFixedValueTagProcessor
[THYMELEAF]             * [* {th:ismap,data-th-ismap}] [1000]: org.thymeleaf.standard.processor.StandardConditionalFixedValueTagProcessor
[THYMELEAF]             * [* {th:reversed,data-th-reversed}] [1000]: org.thymeleaf.standard.processor.StandardConditionalFixedValueTagProcessor
[THYMELEAF]             * [* {th:seamless,data-th-seamless}] [1000]: org.thymeleaf.standard.processor.StandardConditionalFixedValueTagProcessor
[THYMELEAF]             * [* {th:multiple,data-th-multiple}] [1000]: org.thymeleaf.standard.processor.StandardConditionalFixedValueTagProcessor
[THYMELEAF]             * [* {th:required,data-th-required}] [1000]: org.thymeleaf.standard.processor.StandardConditionalFixedValueTagProcessor
[THYMELEAF]             * [* {th:nowrap,data-th-nowrap}] [1000]: org.thymeleaf.standard.processor.StandardConditionalFixedValueTagProcessor
[THYMELEAF]             * [* {th:open,data-th-open}] [1000]: org.thymeleaf.standard.processor.StandardConditionalFixedValueTagProcessor
[THYMELEAF]             * [* {th:hidden,data-th-hidden}] [1000]: org.thymeleaf.standard.processor.StandardConditionalFixedValueTagProcessor
[THYMELEAF]             * [* {th:declare,data-th-declare}] [1000]: org.thymeleaf.standard.processor.StandardConditionalFixedValueTagProcessor
[THYMELEAF]             * [* {th:defer,data-th-defer}] [1000]: org.thymeleaf.standard.processor.StandardConditionalFixedValueTagProcessor
[THYMELEAF]             * [* {th:loop,data-th-loop}] [1000]: org.thymeleaf.standard.processor.StandardConditionalFixedValueTagProcessor
[THYMELEAF]             * [* {th:controls,data-th-controls}] [1000]: org.thymeleaf.standard.processor.StandardConditionalFixedValueTagProcessor
[THYMELEAF]             * [* {th:autofocus,data-th-autofocus}] [1000]: org.thymeleaf.standard.processor.StandardConditionalFixedValueTagProcessor
[THYMELEAF]             * [* {th:async,data-th-async}] [1000]: org.thymeleaf.standard.processor.StandardConditionalFixedValueTagProcessor
[THYMELEAF]             * [* {th:scoped,data-th-scoped}] [1000]: org.thymeleaf.standard.processor.StandardConditionalFixedValueTagProcessor
[THYMELEAF]             * [* {th:disabled,data-th-disabled}] [1000]: org.thymeleaf.standard.processor.StandardConditionalFixedValueTagProcessor
[THYMELEAF]             * [* {th:pubdate,data-th-pubdate}] [1000]: org.thymeleaf.standard.processor.StandardConditionalFixedValueTagProcessor
[THYMELEAF]             * [* {th:formnovalidate,data-th-formnovalidate}] [1000]: org.thymeleaf.standard.processor.StandardConditionalFixedValueTagProcessor
[THYMELEAF]             * [* {th:ondragover,data-th-ondragover}] [1000]: org.thymeleaf.standard.processor.StandardDOMEventAttributeTagProcessor
[THYMELEAF]             * [* {th:ononline,data-th-ononline}] [1000]: org.thymeleaf.standard.processor.StandardDOMEventAttributeTagProcessor
[THYMELEAF]             * [* {th:onloadeddata,data-th-onloadeddata}] [1000]: org.thymeleaf.standard.processor.StandardDOMEventAttributeTagProcessor
[THYMELEAF]             * [* {th:onselect,data-th-onselect}] [1000]: org.thymeleaf.standard.processor.StandardDOMEventAttributeTagProcessor
[THYMELEAF]             * [* {th:onbeforeprint,data-th-onbeforeprint}] [1000]: org.thymeleaf.standard.processor.StandardDOMEventAttributeTagProcessor
[THYMELEAF]             * [* {th:onforminput,data-th-onforminput}] [1000]: org.thymeleaf.standard.processor.StandardDOMEventAttributeTagProcessor
[THYMELEAF]             * [* {th:onhashchange,data-th-onhashchange}] [1000]: org.thymeleaf.standard.processor.StandardDOMEventAttributeTagProcessor
[THYMELEAF]             * [* {th:onresize,data-th-onresize}] [1000]: org.thymeleaf.standard.processor.StandardDOMEventAttributeTagProcessor
[THYMELEAF]             * [* {th:onblur,data-th-onblur}] [1000]: org.thymeleaf.standard.processor.StandardDOMEventAttributeTagProcessor
[THYMELEAF]             * [* {th:onpause,data-th-onpause}] [1000]: org.thymeleaf.standard.processor.StandardDOMEventAttributeTagProcessor
[THYMELEAF]             * [* {th:onplay,data-th-onplay}] [1000]: org.thymeleaf.standard.processor.StandardDOMEventAttributeTagProcessor
[THYMELEAF]             * [* {th:oninvalid,data-th-oninvalid}] [1000]: org.thymeleaf.standard.processor.StandardDOMEventAttributeTagProcessor
[THYMELEAF]             * [* {th:onended,data-th-onended}] [1000]: org.thymeleaf.standard.processor.StandardDOMEventAttributeTagProcessor
[THYMELEAF]             * [* {th:onloadedmetadata,data-th-onloadedmetadata}] [1000]: org.thymeleaf.standard.processor.StandardDOMEventAttributeTagProcessor
[THYMELEAF]             * [* {th:onfocus,data-th-onfocus}] [1000]: org.thymeleaf.standard.processor.StandardDOMEventAttributeTagProcessor
[THYMELEAF]             * [* {th:onshow,data-th-onshow}] [1000]: org.thymeleaf.standard.processor.StandardDOMEventAttributeTagProcessor
[THYMELEAF]             * [* {th:ondrop,data-th-ondrop}] [1000]: org.thymeleaf.standard.processor.StandardDOMEventAttributeTagProcessor
[THYMELEAF]             * [* {th:onmouseover,data-th-onmouseover}] [1000]: org.thymeleaf.standard.processor.StandardDOMEventAttributeTagProcessor
[THYMELEAF]             * [* {th:onmousedown,data-th-onmousedown}] [1000]: org.thymeleaf.standard.processor.StandardDOMEventAttributeTagProcessor
[THYMELEAF]             * [* {th:onsubmit,data-th-onsubmit}] [1000]: org.thymeleaf.standard.processor.StandardDOMEventAttributeTagProcessor
[THYMELEAF]             * [* {th:onerror,data-th-onerror}] [1000]: org.thymeleaf.standard.processor.StandardDOMEventAttributeTagProcessor
[THYMELEAF]             * [* {th:onwaiting,data-th-onwaiting}] [1000]: org.thymeleaf.standard.processor.StandardDOMEventAttributeTagProcessor
[THYMELEAF]             * [* {th:onmouseout,data-th-onmouseout}] [1000]: org.thymeleaf.standard.processor.StandardDOMEventAttributeTagProcessor
[THYMELEAF]             * [* {th:oncontextmenu,data-th-oncontextmenu}] [1000]: org.thymeleaf.standard.processor.StandardDOMEventAttributeTagProcessor
[THYMELEAF]             * [* {th:onkeypress,data-th-onkeypress}] [1000]: org.thymeleaf.standard.processor.StandardDOMEventAttributeTagProcessor
[THYMELEAF]             * [* {th:onemptied,data-th-onemptied}] [1000]: org.thymeleaf.standard.processor.StandardDOMEventAttributeTagProcessor
[THYMELEAF]             * [* {th:onunload,data-th-onunload}] [1000]: org.thymeleaf.standard.processor.StandardDOMEventAttributeTagProcessor
[THYMELEAF]             * [* {th:onloadstart,data-th-onloadstart}] [1000]: org.thymeleaf.standard.processor.StandardDOMEventAttributeTagProcessor
[THYMELEAF]             * [* {th:ondblclick,data-th-ondblclick}] [1000]: org.thymeleaf.standard.processor.StandardDOMEventAttributeTagProcessor
[THYMELEAF]             * [* {th:onpopstate,data-th-onpopstate}] [1000]: org.thymeleaf.standard.processor.StandardDOMEventAttributeTagProcessor
[THYMELEAF]             * [* {th:onmousewheel,data-th-onmousewheel}] [1000]: org.thymeleaf.standard.processor.StandardDOMEventAttributeTagProcessor
[THYMELEAF]             * [* {th:onseeked,data-th-onseeked}] [1000]: org.thymeleaf.standard.processor.StandardDOMEventAttributeTagProcessor
[THYMELEAF]             * [* {th:onreadystatechange,data-th-onreadystatechange}] [1000]: org.thymeleaf.standard.processor.StandardDOMEventAttributeTagProcessor
[THYMELEAF]             * [* {th:onsuspend,data-th-onsuspend}] [1000]: org.thymeleaf.standard.processor.StandardDOMEventAttributeTagProcessor
[THYMELEAF]             * [* {th:onmessage,data-th-onmessage}] [1000]: org.thymeleaf.standard.processor.StandardDOMEventAttributeTagProcessor
[THYMELEAF]             * [* {th:ontimeupdate,data-th-ontimeupdate}] [1000]: org.thymeleaf.standard.processor.StandardDOMEventAttributeTagProcessor
[THYMELEAF]             * [* {th:onkeyup,data-th-onkeyup}] [1000]: org.thymeleaf.standard.processor.StandardDOMEventAttributeTagProcessor
[THYMELEAF]             * [* {th:onbeforeunload,data-th-onbeforeunload}] [1000]: org.thymeleaf.standard.processor.StandardDOMEventAttributeTagProcessor
[THYMELEAF]             * [* {th:ondragstart,data-th-ondragstart}] [1000]: org.thymeleaf.standard.processor.StandardDOMEventAttributeTagProcessor
[THYMELEAF]             * [* {th:onclick,data-th-onclick}] [1000]: org.thymeleaf.standard.processor.StandardDOMEventAttributeTagProcessor
[THYMELEAF]             * [* {th:onmousemove,data-th-onmousemove}] [1000]: org.thymeleaf.standard.processor.StandardDOMEventAttributeTagProcessor
[THYMELEAF]             * [* {th:onscroll,data-th-onscroll}] [1000]: org.thymeleaf.standard.processor.StandardDOMEventAttributeTagProcessor
[THYMELEAF]             * [* {th:onseeking,data-th-onseeking}] [1000]: org.thymeleaf.standard.processor.StandardDOMEventAttributeTagProcessor
[THYMELEAF]             * [* {th:onabort,data-th-onabort}] [1000]: org.thymeleaf.standard.processor.StandardDOMEventAttributeTagProcessor
[THYMELEAF]             * [* {th:onprogress,data-th-onprogress}] [1000]: org.thymeleaf.standard.processor.StandardDOMEventAttributeTagProcessor
[THYMELEAF]             * [* {th:onundo,data-th-onundo}] [1000]: org.thymeleaf.standard.processor.StandardDOMEventAttributeTagProcessor
[THYMELEAF]             * [* {th:onkeydown,data-th-onkeydown}] [1000]: org.thymeleaf.standard.processor.StandardDOMEventAttributeTagProcessor
[THYMELEAF]             * [* {th:onafterprint,data-th-onafterprint}] [1000]: org.thymeleaf.standard.processor.StandardDOMEventAttributeTagProcessor
[THYMELEAF]             * [* {th:onstorage,data-th-onstorage}] [1000]: org.thymeleaf.standard.processor.StandardDOMEventAttributeTagProcessor
[THYMELEAF]             * [* {th:onoffline,data-th-onoffline}] [1000]: org.thymeleaf.standard.processor.StandardDOMEventAttributeTagProcessor
[THYMELEAF]             * [* {th:ondurationchange,data-th-ondurationchange}] [1000]: org.thymeleaf.standard.processor.StandardDOMEventAttributeTagProcessor
[THYMELEAF]             * [* {th:oncanplaythrough,data-th-oncanplaythrough}] [1000]: org.thymeleaf.standard.processor.StandardDOMEventAttributeTagProcessor
[THYMELEAF]             * [* {th:onplaying,data-th-onplaying}] [1000]: org.thymeleaf.standard.processor.StandardDOMEventAttributeTagProcessor
[THYMELEAF]             * [* {th:ondragleave,data-th-ondragleave}] [1000]: org.thymeleaf.standard.processor.StandardDOMEventAttributeTagProcessor
[THYMELEAF]             * [* {th:onreset,data-th-onreset}] [1000]: org.thymeleaf.standard.processor.StandardDOMEventAttributeTagProcessor
[THYMELEAF]             * [* {th:onload,data-th-onload}] [1000]: org.thymeleaf.standard.processor.StandardDOMEventAttributeTagProcessor
[THYMELEAF]             * [* {th:onratechange,data-th-onratechange}] [1000]: org.thymeleaf.standard.processor.StandardDOMEventAttributeTagProcessor
[THYMELEAF]             * [* {th:onvolumechange,data-th-onvolumechange}] [1000]: org.thymeleaf.standard.processor.StandardDOMEventAttributeTagProcessor
[THYMELEAF]             * [* {th:oncanplay,data-th-oncanplay}] [1000]: org.thymeleaf.standard.processor.StandardDOMEventAttributeTagProcessor
[THYMELEAF]             * [* {th:ondragend,data-th-ondragend}] [1000]: org.thymeleaf.standard.processor.StandardDOMEventAttributeTagProcessor
[THYMELEAF]             * [* {th:onstalled,data-th-onstalled}] [1000]: org.thymeleaf.standard.processor.StandardDOMEventAttributeTagProcessor
[THYMELEAF]             * [* {th:ondrag,data-th-ondrag}] [1000]: org.thymeleaf.standard.processor.StandardDOMEventAttributeTagProcessor
[THYMELEAF]             * [* {th:onchange,data-th-onchange}] [1000]: org.thymeleaf.standard.processor.StandardDOMEventAttributeTagProcessor
[THYMELEAF]             * [* {th:onformchange,data-th-onformchange}] [1000]: org.thymeleaf.standard.processor.StandardDOMEventAttributeTagProcessor
[THYMELEAF]             * [* {th:ondragenter,data-th-ondragenter}] [1000]: org.thymeleaf.standard.processor.StandardDOMEventAttributeTagProcessor
[THYMELEAF]             * [* {th:oninput,data-th-oninput}] [1000]: org.thymeleaf.standard.processor.StandardDOMEventAttributeTagProcessor
[THYMELEAF]             * [* {th:onmouseup,data-th-onmouseup}] [1000]: org.thymeleaf.standard.processor.StandardDOMEventAttributeTagProcessor
[THYMELEAF]             * [* {th:onredo,data-th-onredo}] [1000]: org.thymeleaf.standard.processor.StandardDOMEventAttributeTagProcessor
[THYMELEAF]             * [* {th:href,data-th-href}] [1000]: org.thymeleaf.standard.processor.StandardHrefTagProcessor
[THYMELEAF]             * [* {th:inline,data-th-inline}] [1000]: org.thymeleaf.standard.processor.StandardInlineHTMLTagProcessor
[THYMELEAF]             * [* {th:method,data-th-method}] [1000]: org.thymeleaf.standard.processor.StandardMethodTagProcessor
[THYMELEAF]             * [* {th:type,data-th-type}] [1000]: org.thymeleaf.standard.processor.StandardNonRemovableAttributeTagProcessor
[THYMELEAF]             * [* {th:name,data-th-name}] [1000]: org.thymeleaf.standard.processor.StandardNonRemovableAttributeTagProcessor
[THYMELEAF]             * [* {th:maxlength,data-th-maxlength}] [1000]: org.thymeleaf.standard.processor.StandardRemovableAttributeTagProcessor
[THYMELEAF]             * [* {th:icon,data-th-icon}] [1000]: org.thymeleaf.standard.processor.StandardRemovableAttributeTagProcessor
[THYMELEAF]             * [* {th:width,data-th-width}] [1000]: org.thymeleaf.standard.processor.StandardRemovableAttributeTagProcessor
[THYMELEAF]             * [* {th:start,data-th-start}] [1000]: org.thymeleaf.standard.processor.StandardRemovableAttributeTagProcessor
[THYMELEAF]             * [* {th:rows,data-th-rows}] [1000]: org.thymeleaf.standard.processor.StandardRemovableAttributeTagProcessor
[THYMELEAF]             * [* {th:preload,data-th-preload}] [1000]: org.thymeleaf.standard.processor.StandardRemovableAttributeTagProcessor
[THYMELEAF]             * [* {th:marginheight,data-th-marginheight}] [1000]: org.thymeleaf.standard.processor.StandardRemovableAttributeTagProcessor
[THYMELEAF]             * [* {th:list,data-th-list}] [1000]: org.thymeleaf.standard.processor.StandardRemovableAttributeTagProcessor
[THYMELEAF]             * [* {th:title,data-th-title}] [1000]: org.thymeleaf.standard.processor.StandardRemovableAttributeTagProcessor
[THYMELEAF]             * [* {th:background,data-th-background}] [1000]: org.thymeleaf.standard.processor.StandardRemovableAttributeTagProcessor
[THYMELEAF]             * [* {th:target,data-th-target}] [1000]: org.thymeleaf.standard.processor.StandardRemovableAttributeTagProcessor
[THYMELEAF]             * [* {th:rowspan,data-th-rowspan}] [1000]: org.thymeleaf.standard.processor.StandardRemovableAttributeTagProcessor
[THYMELEAF]             * [* {th:scheme,data-th-scheme}] [1000]: org.thymeleaf.standard.processor.StandardRemovableAttributeTagProcessor
[THYMELEAF]             * [* {th:rev,data-th-rev}] [1000]: org.thymeleaf.standard.processor.StandardRemovableAttributeTagProcessor
[THYMELEAF]             * [* {th:class,data-th-class}] [1000]: org.thymeleaf.standard.processor.StandardRemovableAttributeTagProcessor
[THYMELEAF]             * [* {th:hspace,data-th-hspace}] [1000]: org.thymeleaf.standard.processor.StandardRemovableAttributeTagProcessor
[THYMELEAF]             * [* {th:marginwidth,data-th-marginwidth}] [1000]: org.thymeleaf.standard.processor.StandardRemovableAttributeTagProcessor
[THYMELEAF]             * [* {th:cite,data-th-cite}] [1000]: org.thymeleaf.standard.processor.StandardRemovableAttributeTagProcessor
[THYMELEAF]             * [* {th:scope,data-th-scope}] [1000]: org.thymeleaf.standard.processor.StandardRemovableAttributeTagProcessor
[THYMELEAF]             * [* {th:contextmenu,data-th-contextmenu}] [1000]: org.thymeleaf.standard.processor.StandardRemovableAttributeTagProcessor
[THYMELEAF]             * [* {th:cellpadding,data-th-cellpadding}] [1000]: org.thymeleaf.standard.processor.StandardRemovableAttributeTagProcessor
[THYMELEAF]             * [* {th:sizes,data-th-sizes}] [1000]: org.thymeleaf.standard.processor.StandardRemovableAttributeTagProcessor
[THYMELEAF]             * [* {th:formaction,data-th-formaction}] [1000]: org.thymeleaf.standard.processor.StandardRemovableAttributeTagProcessor
[THYMELEAF]             * [* {th:axis,data-th-axis}] [1000]: org.thymeleaf.standard.processor.StandardRemovableAttributeTagProcessor
[THYMELEAF]             * [* {th:rel,data-th-rel}] [1000]: org.thymeleaf.standard.processor.StandardRemovableAttributeTagProcessor
[THYMELEAF]             * [* {th:span,data-th-span}] [1000]: org.thymeleaf.standard.processor.StandardRemovableAttributeTagProcessor
[THYMELEAF]             * [* {th:wrap,data-th-wrap}] [1000]: org.thymeleaf.standard.processor.StandardRemovableAttributeTagProcessor
[THYMELEAF]             * [* {th:valuetype,data-th-valuetype}] [1000]: org.thymeleaf.standard.processor.StandardRemovableAttributeTagProcessor
[THYMELEAF]             * [* {th:low,data-th-low}] [1000]: org.thymeleaf.standard.processor.StandardRemovableAttributeTagProcessor
[THYMELEAF]             * [* {th:style,data-th-style}] [1000]: org.thymeleaf.standard.processor.StandardRemovableAttributeTagProcessor
[THYMELEAF]             * [* {th:datetime,data-th-datetime}] [1000]: org.thymeleaf.standard.processor.StandardRemovableAttributeTagProcessor
[THYMELEAF]             * [* {th:alt,data-th-alt}] [1000]: org.thymeleaf.standard.processor.StandardRemovableAttributeTagProcessor
[THYMELEAF]             * [* {th:srclang,data-th-srclang}] [1000]: org.thymeleaf.standard.processor.StandardRemovableAttributeTagProcessor
[THYMELEAF]             * [* {th:dropzone,data-th-dropzone}] [1000]: org.thymeleaf.standard.processor.StandardRemovableAttributeTagProcessor
[THYMELEAF]             * [* {th:size,data-th-size}] [1000]: org.thymeleaf.standard.processor.StandardRemovableAttributeTagProcessor
[THYMELEAF]             * [* {th:charset,data-th-charset}] [1000]: org.thymeleaf.standard.processor.StandardRemovableAttributeTagProcessor
[THYMELEAF]             * [* {th:formmethod,data-th-formmethod}] [1000]: org.thymeleaf.standard.processor.StandardRemovableAttributeTagProcessor
[THYMELEAF]             * [* {th:manifest,data-th-manifest}] [1000]: org.thymeleaf.standard.processor.StandardRemovableAttributeTagProcessor
[THYMELEAF]             * [* {th:spellcheck,data-th-spellcheck}] [1000]: org.thymeleaf.standard.processor.StandardRemovableAttributeTagProcessor
[THYMELEAF]             * [* {th:enctype,data-th-enctype}] [1000]: org.thymeleaf.standard.processor.StandardRemovableAttributeTagProcessor
[THYMELEAF]             * [* {th:for,data-th-for}] [1000]: org.thymeleaf.standard.processor.StandardRemovableAttributeTagProcessor
[THYMELEAF]             * [* {th:headers,data-th-headers}] [1000]: org.thymeleaf.standard.processor.StandardRemovableAttributeTagProcessor
[THYMELEAF]             * [* {th:hreflang,data-th-hreflang}] [1000]: org.thymeleaf.standard.processor.StandardRemovableAttributeTagProcessor
[THYMELEAF]             * [* {th:standby,data-th-standby}] [1000]: org.thymeleaf.standard.processor.StandardRemovableAttributeTagProcessor
[THYMELEAF]             * [* {th:archive,data-th-archive}] [1000]: org.thymeleaf.standard.processor.StandardRemovableAttributeTagProcessor
[THYMELEAF]             * [* {th:summary,data-th-summary}] [1000]: org.thymeleaf.standard.processor.StandardRemovableAttributeTagProcessor
[THYMELEAF]             * [* {th:codetype,data-th-codetype}] [1000]: org.thymeleaf.standard.processor.StandardRemovableAttributeTagProcessor
[THYMELEAF]             * [* {th:cellspacing,data-th-cellspacing}] [1000]: org.thymeleaf.standard.processor.StandardRemovableAttributeTagProcessor
[THYMELEAF]             * [* {th:pattern,data-th-pattern}] [1000]: org.thymeleaf.standard.processor.StandardRemovableAttributeTagProcessor
[THYMELEAF]             * [* {th:align,data-th-align}] [1000]: org.thymeleaf.standard.processor.StandardRemovableAttributeTagProcessor
[THYMELEAF]             * [* {th:classid,data-th-classid}] [1000]: org.thymeleaf.standard.processor.StandardRemovableAttributeTagProcessor
[THYMELEAF]             * [* {th:placeholder,data-th-placeholder}] [1000]: org.thymeleaf.standard.processor.StandardRemovableAttributeTagProcessor
[THYMELEAF]             * [* {th:optimum,data-th-optimum}] [1000]: org.thymeleaf.standard.processor.StandardRemovableAttributeTagProcessor
[THYMELEAF]             * [* {th:cols,data-th-cols}] [1000]: org.thymeleaf.standard.processor.StandardRemovableAttributeTagProcessor
[THYMELEAF]             * [* {th:autocomplete,data-th-autocomplete}] [1000]: org.thymeleaf.standard.processor.StandardRemovableAttributeTagProcessor
[THYMELEAF]             * [* {th:bgcolor,data-th-bgcolor}] [1000]: org.thymeleaf.standard.processor.StandardRemovableAttributeTagProcessor
[THYMELEAF]             * [* {th:height,data-th-height}] [1000]: org.thymeleaf.standard.processor.StandardRemovableAttributeTagProcessor
[THYMELEAF]             * [* {th:form,data-th-form}] [1000]: org.thymeleaf.standard.processor.StandardRemovableAttributeTagProcessor
[THYMELEAF]             * [* {th:formtarget,data-th-formtarget}] [1000]: org.thymeleaf.standard.processor.StandardRemovableAttributeTagProcessor
[THYMELEAF]             * [* {th:codebase,data-th-codebase}] [1000]: org.thymeleaf.standard.processor.StandardRemovableAttributeTagProcessor
[THYMELEAF]             * [* {th:frame,data-th-frame}] [1000]: org.thymeleaf.standard.processor.StandardRemovableAttributeTagProcessor
[THYMELEAF]             * [* {th:tabindex,data-th-tabindex}] [1000]: org.thymeleaf.standard.processor.StandardRemovableAttributeTagProcessor
[THYMELEAF]             * [* {th:lang,data-th-lang}] [1000]: org.thymeleaf.standard.processor.StandardRemovableAttributeTagProcessor
[THYMELEAF]             * [* {th:frameborder,data-th-frameborder}] [1000]: org.thymeleaf.standard.processor.StandardRemovableAttributeTagProcessor
[THYMELEAF]             * [* {th:compact,data-th-compact}] [1000]: org.thymeleaf.standard.processor.StandardRemovableAttributeTagProcessor
[THYMELEAF]             * [* {th:accept,data-th-accept}] [1000]: org.thymeleaf.standard.processor.StandardRemovableAttributeTagProcessor
[THYMELEAF]             * [* {th:audio,data-th-audio}] [1000]: org.thymeleaf.standard.processor.StandardRemovableAttributeTagProcessor
[THYMELEAF]             * [* {th:draggable,data-th-draggable}] [1000]: org.thymeleaf.standard.processor.StandardRemovableAttributeTagProcessor
[THYMELEAF]             * [* {th:min,data-th-min}] [1000]: org.thymeleaf.standard.processor.StandardRemovableAttributeTagProcessor
[THYMELEAF]             * [* {th:sandbox,data-th-sandbox}] [1000]: org.thymeleaf.standard.processor.StandardRemovableAttributeTagProcessor
[THYMELEAF]             * [* {th:http-equiv,data-th-http-equiv}] [1000]: org.thymeleaf.standard.processor.StandardRemovableAttributeTagProcessor
[THYMELEAF]             * [* {th:rules,data-th-rules}] [1000]: org.thymeleaf.standard.processor.StandardRemovableAttributeTagProcessor
[THYMELEAF]             * [* {th:radiogroup,data-th-radiogroup}] [1000]: org.thymeleaf.standard.processor.StandardRemovableAttributeTagProcessor
[THYMELEAF]             * [* {th:keytype,data-th-keytype}] [1000]: org.thymeleaf.standard.processor.StandardRemovableAttributeTagProcessor
[THYMELEAF]             * [* {th:kind,data-th-kind}] [1000]: org.thymeleaf.standard.processor.StandardRemovableAttributeTagProcessor
[THYMELEAF]             * [* {th:accept-charset,data-th-accept-charset}] [1000]: org.thymeleaf.standard.processor.StandardRemovableAttributeTagProcessor
[THYMELEAF]             * [* {th:scrolling,data-th-scrolling}] [1000]: org.thymeleaf.standard.processor.StandardRemovableAttributeTagProcessor
[THYMELEAF]             * [* {th:border,data-th-border}] [1000]: org.thymeleaf.standard.processor.StandardRemovableAttributeTagProcessor
[THYMELEAF]             * [* {th:vspace,data-th-vspace}] [1000]: org.thymeleaf.standard.processor.StandardRemovableAttributeTagProcessor
[THYMELEAF]             * [* {th:colspan,data-th-colspan}] [1000]: org.thymeleaf.standard.processor.StandardRemovableAttributeTagProcessor
[THYMELEAF]             * [* {th:abbr,data-th-abbr}] [1000]: org.thymeleaf.standard.processor.StandardRemovableAttributeTagProcessor
[THYMELEAF]             * [* {th:media,data-th-media}] [1000]: org.thymeleaf.standard.processor.StandardRemovableAttributeTagProcessor
[THYMELEAF]             * [* {th:contenteditable,data-th-contenteditable}] [1000]: org.thymeleaf.standard.processor.StandardRemovableAttributeTagProcessor
[THYMELEAF]             * [* {th:usemap,data-th-usemap}] [1000]: org.thymeleaf.standard.processor.StandardRemovableAttributeTagProcessor
[THYMELEAF]             * [* {th:formenctype,data-th-formenctype}] [1000]: org.thymeleaf.standard.processor.StandardRemovableAttributeTagProcessor
[THYMELEAF]             * [* {th:high,data-th-high}] [1000]: org.thymeleaf.standard.processor.StandardRemovableAttributeTagProcessor
[THYMELEAF]             * [* {th:accesskey,data-th-accesskey}] [1000]: org.thymeleaf.standard.processor.StandardRemovableAttributeTagProcessor
[THYMELEAF]             * [* {th:challenge,data-th-challenge}] [1000]: org.thymeleaf.standard.processor.StandardRemovableAttributeTagProcessor
[THYMELEAF]             * [* {th:step,data-th-step}] [1000]: org.thymeleaf.standard.processor.StandardRemovableAttributeTagProcessor
[THYMELEAF]             * [* {th:data,data-th-data}] [1000]: org.thymeleaf.standard.processor.StandardRemovableAttributeTagProcessor
[THYMELEAF]             * [* {th:label,data-th-label}] [1000]: org.thymeleaf.standard.processor.StandardRemovableAttributeTagProcessor
[THYMELEAF]             * [* {th:content,data-th-content}] [1000]: org.thymeleaf.standard.processor.StandardRemovableAttributeTagProcessor
[THYMELEAF]             * [* {th:longdesc,data-th-longdesc}] [1000]: org.thymeleaf.standard.processor.StandardRemovableAttributeTagProcessor
[THYMELEAF]             * [* {th:id,data-th-id}] [1000]: org.thymeleaf.standard.processor.StandardRemovableAttributeTagProcessor
[THYMELEAF]             * [* {th:dir,data-th-dir}] [1000]: org.thymeleaf.standard.processor.StandardRemovableAttributeTagProcessor
[THYMELEAF]             * [* {th:max,data-th-max}] [1000]: org.thymeleaf.standard.processor.StandardRemovableAttributeTagProcessor
[THYMELEAF]             * [* {th:poster,data-th-poster}] [1000]: org.thymeleaf.standard.processor.StandardRemovableAttributeTagProcessor
[THYMELEAF]             * [* {th:src,data-th-src}] [1000]: org.thymeleaf.standard.processor.StandardSrcTagProcessor
[THYMELEAF]             * [* {th:value,data-th-value}] [1000]: org.thymeleaf.standard.processor.StandardValueTagProcessor
[THYMELEAF]             * [* {th:xmlbase,data-th-xmlbase}] [1000]: org.thymeleaf.standard.processor.StandardXmlBaseTagProcessor
[THYMELEAF]             * [* {th:xmllang,data-th-xmllang}] [1000]: org.thymeleaf.standard.processor.StandardXmlLangTagProcessor
[THYMELEAF]             * [* {xmlns:th}] [1000]: org.thymeleaf.standard.processor.StandardXmlNsTagProcessor
[THYMELEAF]             * [* {th:xmlspace,data-th-xmlspace}] [1000]: org.thymeleaf.standard.processor.StandardXmlSpaceTagProcessor
[THYMELEAF]             * [* {th:classappend,data-th-classappend}] [1100]: org.thymeleaf.standard.processor.StandardClassappendTagProcessor
[THYMELEAF]             * [* {th:styleappend,data-th-styleappend}] [1100]: org.thymeleaf.standard.processor.StandardStyleappendTagProcessor
[THYMELEAF]             * [* {th:text,data-th-text}] [1300]: org.thymeleaf.standard.processor.StandardTextTagProcessor
[THYMELEAF]             * [* {th:utext,data-th-utext}] [1400]: org.thymeleaf.standard.processor.StandardUtextTagProcessor
[THYMELEAF]             * [* {th:fragment,data-th-fragment}] [1500]: org.thymeleaf.standard.processor.StandardFragmentTagProcessor
[THYMELEAF]             * [* {th:assert,data-th-assert}] [1550]: org.thymeleaf.standard.processor.StandardAssertTagProcessor
[THYMELEAF]             * [* {th:remove,data-th-remove}] [1600]: org.thymeleaf.standard.processor.StandardRemoveTagProcessor
[THYMELEAF]             * [* {th:ref,data-th-ref}] [10000]: org.thymeleaf.standard.processor.StandardRefAttributeTagProcessor
[THYMELEAF]             * [{th:block,th-block} *] [100000]: org.thymeleaf.standard.processor.StandardBlockTagProcessor
[THYMELEAF]             * [* th:*] [2147483647]: org.thymeleaf.standard.processor.StandardDefaultAttributesTagProcessor
[THYMELEAF]         * Text Processors by [precedence]:
[THYMELEAF]             * [1000]: org.thymeleaf.standard.processor.StandardInliningTextProcessor
[THYMELEAF]         * DOCTYPE Processors by [precedence]:
[THYMELEAF]             * [1000]: org.thymeleaf.standard.processor.StandardTranslationDocTypeProcessor
[THYMELEAF]         * CDATA Section Processors by [precedence]:
[THYMELEAF]             * [1000]: org.thymeleaf.standard.processor.StandardInliningCDATASectionProcessor
[THYMELEAF]         * Comment Processors by [precedence]:
[THYMELEAF]             * [1000]: org.thymeleaf.standard.processor.StandardInliningCommentProcessor
[THYMELEAF]             * [1100]: org.thymeleaf.standard.processor.StandardConditionalCommentProcessor
[THYMELEAF]     * Processors for Template Mode: XML
[THYMELEAF]         * Element Tag Processors by [matching element and attribute name] [precedence]:
[THYMELEAF]             * [* {th:include}] [100]: org.thymeleaf.standard.processor.StandardIncludeTagProcessor
[THYMELEAF]             * [* {th:insert}] [100]: org.thymeleaf.standard.processor.StandardInsertTagProcessor
[THYMELEAF]             * [* {th:replace}] [100]: org.thymeleaf.standard.processor.StandardReplaceTagProcessor
[THYMELEAF]             * [* {th:each}] [200]: com.intuit.karate.template.KarateEachTagProcessor
[THYMELEAF]             * [* {th:switch}] [250]: org.thymeleaf.standard.processor.StandardSwitchTagProcessor
[THYMELEAF]             * [* {th:case}] [275]: org.thymeleaf.standard.processor.StandardCaseTagProcessor
[THYMELEAF]             * [* {th:if}] [300]: org.thymeleaf.standard.processor.StandardIfTagProcessor
[THYMELEAF]             * [* {th:unless}] [400]: org.thymeleaf.standard.processor.StandardUnlessTagProcessor
[THYMELEAF]             * [* {th:object}] [500]: org.thymeleaf.standard.processor.StandardObjectTagProcessor
[THYMELEAF]             * [* {th:with}] [600]: com.intuit.karate.template.KarateWithTagProcessor
[THYMELEAF]             * [* {th:attr}] [700]: com.intuit.karate.template.KarateAttributeTagProcessor.KarateAttrTagProcessor
[THYMELEAF]             * [* {th:attrappend}] [900]: com.intuit.karate.template.KarateAttributeTagProcessor.KarateAttrappendTagProcessor
[THYMELEAF]             * [* {th:attrprepend}] [900]: com.intuit.karate.template.KarateAttributeTagProcessor.KarateAttrprependTagProcessor
[THYMELEAF]             * [* {th:inline}] [1000]: org.thymeleaf.standard.processor.StandardInlineXMLTagProcessor
[THYMELEAF]             * [* {xmlns:th}] [1000]: org.thymeleaf.standard.processor.StandardXmlNsTagProcessor
[THYMELEAF]             * [* {th:text}] [1300]: org.thymeleaf.standard.processor.StandardTextTagProcessor
[THYMELEAF]             * [* {th:utext}] [1400]: org.thymeleaf.standard.processor.StandardUtextTagProcessor
[THYMELEAF]             * [* {th:fragment}] [1500]: org.thymeleaf.standard.processor.StandardFragmentTagProcessor
[THYMELEAF]             * [* {th:assert}] [1550]: org.thymeleaf.standard.processor.StandardAssertTagProcessor
[THYMELEAF]             * [* {th:remove}] [1600]: org.thymeleaf.standard.processor.StandardRemoveTagProcessor
[THYMELEAF]             * [* {th:ref}] [10000]: org.thymeleaf.standard.processor.StandardRefAttributeTagProcessor
[THYMELEAF]             * [{th:block} *] [100000]: org.thymeleaf.standard.processor.StandardBlockTagProcessor
[THYMELEAF]             * [* th:*] [2147483647]: org.thymeleaf.standard.processor.StandardDefaultAttributesTagProcessor
[THYMELEAF]         * Text Processors by [precedence]:
[THYMELEAF]             * [1000]: org.thymeleaf.standard.processor.StandardInliningTextProcessor
[THYMELEAF]         * CDATA Section Processors by [precedence]:
[THYMELEAF]             * [1000]: org.thymeleaf.standard.processor.StandardInliningCDATASectionProcessor
[THYMELEAF]         * Comment Processors by [precedence]:
[THYMELEAF]             * [1000]: org.thymeleaf.standard.processor.StandardInliningCommentProcessor
[THYMELEAF]     * Processors for Template Mode: TEXT
[THYMELEAF]         * Element Tag Processors by [matching element and attribute name] [precedence]:
[THYMELEAF]             * [* {th:insert}] [100]: org.thymeleaf.standard.processor.StandardInsertTagProcessor
[THYMELEAF]             * [* {th:replace}] [100]: org.thymeleaf.standard.processor.StandardReplaceTagProcessor
[THYMELEAF]             * [* {th:each}] [200]: com.intuit.karate.template.KarateEachTagProcessor
[THYMELEAF]             * [* {th:switch}] [250]: org.thymeleaf.standard.processor.StandardSwitchTagProcessor
[THYMELEAF]             * [* {th:case}] [275]: org.thymeleaf.standard.processor.StandardCaseTagProcessor
[THYMELEAF]             * [* {th:if}] [300]: org.thymeleaf.standard.processor.StandardIfTagProcessor
[THYMELEAF]             * [* {th:unless}] [400]: org.thymeleaf.standard.processor.StandardUnlessTagProcessor
[THYMELEAF]             * [* {th:object}] [500]: org.thymeleaf.standard.processor.StandardObjectTagProcessor
[THYMELEAF]             * [* {th:with}] [600]: com.intuit.karate.template.KarateWithTagProcessor
[THYMELEAF]             * [* {th:inline}] [1000]: org.thymeleaf.standard.processor.StandardInlineTextualTagProcessor
[THYMELEAF]             * [* {th:text}] [1300]: org.thymeleaf.standard.processor.StandardTextTagProcessor
[THYMELEAF]             * [* {th:utext}] [1400]: org.thymeleaf.standard.processor.StandardUtextTagProcessor
[THYMELEAF]             * [* {th:assert}] [1550]: org.thymeleaf.standard.processor.StandardAssertTagProcessor
[THYMELEAF]             * [* {th:remove}] [1600]: org.thymeleaf.standard.processor.StandardRemoveTagProcessor
[THYMELEAF]             * [* 100000] [org.thymeleaf.standard.processor.StandardBlockTagProcessor]: {}
[THYMELEAF]             * [{th:block} *] [100000]: org.thymeleaf.standard.processor.StandardBlockTagProcessor
[THYMELEAF]         * Text Processors by [precedence]:
[THYMELEAF]             * [1000]: org.thymeleaf.standard.processor.StandardInliningTextProcessor
[THYMELEAF]     * Processors for Template Mode: JAVASCRIPT
[THYMELEAF]         * Element Tag Processors by [matching element and attribute name] [precedence]:
[THYMELEAF]             * [* {th:insert}] [100]: org.thymeleaf.standard.processor.StandardInsertTagProcessor
[THYMELEAF]             * [* {th:replace}] [100]: org.thymeleaf.standard.processor.StandardReplaceTagProcessor
[THYMELEAF]             * [* {th:each}] [200]: com.intuit.karate.template.KarateEachTagProcessor
[THYMELEAF]             * [* {th:switch}] [250]: org.thymeleaf.standard.processor.StandardSwitchTagProcessor
[THYMELEAF]             * [* {th:case}] [275]: org.thymeleaf.standard.processor.StandardCaseTagProcessor
[THYMELEAF]             * [* {th:if}] [300]: org.thymeleaf.standard.processor.StandardIfTagProcessor
[THYMELEAF]             * [* {th:unless}] [400]: org.thymeleaf.standard.processor.StandardUnlessTagProcessor
[THYMELEAF]             * [* {th:object}] [500]: org.thymeleaf.standard.processor.StandardObjectTagProcessor
[THYMELEAF]             * [* {th:with}] [600]: com.intuit.karate.template.KarateWithTagProcessor
[THYMELEAF]             * [* {th:inline}] [1000]: org.thymeleaf.standard.processor.StandardInlineTextualTagProcessor
[...]
[THYMELEAF]             * [* {th:autocomplete,data-th-autocomplete}] [1000]: org.thymeleaf.standard.processor.StandardRemovableAttributeTagProcessor
[THYMELEAF]             * [* {th:cellpadding,data-th-cellpadding}] [1000]: org.thymeleaf.standard.processor.StandardRemovableAttributeTagProcessor
[THYMELEAF]             * [* {th:audio,data-th-audio}] [1000]: org.thymeleaf.standard.processor.StandardRemovableAttributeTagProcessor
[THYMELEAF]             * [* {th:manifest,data-th-manifest}] [1000]: org.thymeleaf.standard.processor.StandardRemovableAttributeTagProcessor
[THYMELEAF]             * [* {th:formmethod,data-th-formmethod}] [1000]: org.thymeleaf.standard.processor.StandardRemovableAttributeTagProcessor
[THYMELEAF]             * [* {th:vspace,data-th-vspace}] [1000]: org.thymeleaf.standard.processor.StandardRemovableAttributeTagProcessor
[THYMELEAF]             * [* {th:contenteditable,data-th-contenteditable}] [1000]: org.thymeleaf.standard.processor.StandardRemovableAttributeTagProcessor
[THYMELEAF]             * [* {th:valuetype,data-th-valuetype}] [1000]: org.thymeleaf.standard.processor.StandardRemovableAttributeTagProcessor
[THYMELEAF]             * [* {th:id,data-th-id}] [1000]: org.thymeleaf.standard.processor.StandardRemovableAttributeTagProcessor
[THYMELEAF]             * [* {th:class,data-th-class}] [1000]: org.thymeleaf.standard.processor.StandardRemovableAttributeTagProcessor
[THYMELEAF]             * [* {th:formtarget,data-th-formtarget}] [1000]: org.thymeleaf.standard.processor.StandardRemovableAttributeTagProcessor
[THYMELEAF]             * [* {th:codebase,data-th-codebase}] [1000]: org.thymeleaf.standard.processor.StandardRemovableAttributeTagProcessor
[THYMELEAF]             * [* {th:lang,data-th-lang}] [1000]: org.thymeleaf.standard.processor.StandardRemovableAttributeTagProcessor
[THYMELEAF]             * [* {th:kind,data-th-kind}] [1000]: org.thymeleaf.standard.processor.StandardRemovableAttributeTagProcessor
[THYMELEAF]             * [* {th:width,data-th-width}] [1000]: org.thymeleaf.standard.processor.StandardRemovableAttributeTagProcessor
[THYMELEAF]             * [* {th:srclang,data-th-srclang}] [1000]: org.thymeleaf.standard.processor.StandardRemovableAttributeTagProcessor
[THYMELEAF]             * [* {th:form,data-th-form}] [1000]: org.thymeleaf.standard.processor.StandardRemovableAttributeTagProcessor
[THYMELEAF]             * [* {th:poster,data-th-poster}] [1000]: org.thymeleaf.standard.processor.StandardRemovableAttributeTagProcessor
[THYMELEAF]             * [* {th:bgcolor,data-th-bgcolor}] [1000]: org.thymeleaf.standard.processor.StandardRemovableAttributeTagProcessor
[THYMELEAF]             * [* {th:charset,data-th-charset}] [1000]: org.thymeleaf.standard.processor.StandardRemovableAttributeTagProcessor
[THYMELEAF]             * [* {th:radiogroup,data-th-radiogroup}] [1000]: org.thymeleaf.standard.processor.StandardRemovableAttributeTagProcessor
[THYMELEAF]             * [* {th:longdesc,data-th-longdesc}] [1000]: org.thymeleaf.standard.processor.StandardRemovableAttributeTagProcessor
[THYMELEAF]             * [* {th:rowspan,data-th-rowspan}] [1000]: org.thymeleaf.standard.processor.StandardRemovableAttributeTagProcessor
[THYMELEAF]             * [* {th:compact,data-th-compact}] [1000]: org.thymeleaf.standard.processor.StandardRemovableAttributeTagProcessor
[THYMELEAF]             * [* {th:for,data-th-for}] [1000]: org.thymeleaf.standard.processor.StandardRemovableAttributeTagProcessor
[THYMELEAF]             * [* {th:min,data-th-min}] [1000]: org.thymeleaf.standard.processor.StandardRemovableAttributeTagProcessor
[THYMELEAF]             * [* {th:archive,data-th-archive}] [1000]: org.thymeleaf.standard.processor.StandardRemovableAttributeTagProcessor
[THYMELEAF]             * [* {th:standby,data-th-standby}] [1000]: org.thymeleaf.standard.processor.StandardRemovableAttributeTagProcessor
[THYMELEAF]             * [* {th:formenctype,data-th-formenctype}] [1000]: org.thymeleaf.standard.processor.StandardRemovableAttributeTagProcessor
[THYMELEAF]             * [* {th:draggable,data-th-draggable}] [1000]: org.thymeleaf.standard.processor.StandardRemovableAttributeTagProcessor
[THYMELEAF]             * [* {th:max,data-th-max}] [1000]: org.thymeleaf.standard.processor.StandardRemovableAttributeTagProcessor
[THYMELEAF]             * [* {th:background,data-th-background}] [1000]: org.thymeleaf.standard.processor.StandardRemovableAttributeTagProcessor
[THYMELEAF]             * [* {th:cols,data-th-cols}] [1000]: org.thymeleaf.standard.processor.StandardRemovableAttributeTagProcessor
[THYMELEAF]             * [* {th:frame,data-th-frame}] [1000]: org.thymeleaf.standard.processor.StandardRemovableAttributeTagProcessor
[THYMELEAF]             * [* {th:frameborder,data-th-frameborder}] [1000]: org.thymeleaf.standard.processor.StandardRemovableAttributeTagProcessor
[THYMELEAF]             * [* {th:scrolling,data-th-scrolling}] [1000]: org.thymeleaf.standard.processor.StandardRemovableAttributeTagProcessor
[THYMELEAF]             * [* {th:summary,data-th-summary}] [1000]: org.thymeleaf.standard.processor.StandardRemovableAttributeTagProcessor
[THYMELEAF]             * [* {th:placeholder,data-th-placeholder}] [1000]: org.thymeleaf.standard.processor.StandardRemovableAttributeTagProcessor
[THYMELEAF]             * [* {th:src,data-th-src}] [1000]: org.thymeleaf.standard.processor.StandardSrcTagProcessor
[THYMELEAF]             * [* {th:value,data-th-value}] [1000]: org.thymeleaf.standard.processor.StandardValueTagProcessor
[THYMELEAF]             * [* {th:xmlbase,data-th-xmlbase}] [1000]: org.thymeleaf.standard.processor.StandardXmlBaseTagProcessor
[THYMELEAF]             * [* {th:xmllang,data-th-xmllang}] [1000]: org.thymeleaf.standard.processor.StandardXmlLangTagProcessor
[THYMELEAF]             * [* {xmlns:th}] [1000]: org.thymeleaf.standard.processor.StandardXmlNsTagProcessor
[THYMELEAF]             * [* {th:xmlspace,data-th-xmlspace}] [1000]: org.thymeleaf.standard.processor.StandardXmlSpaceTagProcessor
[THYMELEAF]             * [* {th:classappend,data-th-classappend}] [1100]: org.thymeleaf.standard.processor.StandardClassappendTagProcessor
[THYMELEAF]             * [* {th:styleappend,data-th-styleappend}] [1100]: org.thymeleaf.standard.processor.StandardStyleappendTagProcessor
[THYMELEAF]             * [* {th:text,data-th-text}] [1300]: org.thymeleaf.standard.processor.StandardTextTagProcessor
[THYMELEAF]             * [* {th:utext,data-th-utext}] [1400]: org.thymeleaf.standard.processor.StandardUtextTagProcessor
[THYMELEAF]             * [* {th:fragment,data-th-fragment}] [1500]: org.thymeleaf.standard.processor.StandardFragmentTagProcessor
[THYMELEAF]             * [* {th:assert,data-th-assert}] [1550]: org.thymeleaf.standard.processor.StandardAssertTagProcessor
[THYMELEAF]             * [* {th:remove,data-th-remove}] [1600]: org.thymeleaf.standard.processor.StandardRemoveTagProcessor
[THYMELEAF]             * [* {th:ref,data-th-ref}] [10000]: org.thymeleaf.standard.processor.StandardRefAttributeTagProcessor
[THYMELEAF]             * [{th:block,th-block} *] [100000]: org.thymeleaf.standard.processor.StandardBlockTagProcessor
[THYMELEAF]             * [* th:*] [2147483647]: org.thymeleaf.standard.processor.StandardDefaultAttributesTagProcessor
[THYMELEAF]         * Text Processors by [precedence]:
[THYMELEAF]             * [1000]: org.thymeleaf.standard.processor.StandardInliningTextProcessor
[THYMELEAF]         * DOCTYPE Processors by [precedence]:
[THYMELEAF]             * [1000]: org.thymeleaf.standard.processor.StandardTranslationDocTypeProcessor
[THYMELEAF]         * CDATA Section Processors by [precedence]:
[THYMELEAF]             * [1000]: org.thymeleaf.standard.processor.StandardInliningCDATASectionProcessor
[THYMELEAF]         * Comment Processors by [precedence]:
[THYMELEAF]             * [1000]: org.thymeleaf.standard.processor.StandardInliningCommentProcessor
[THYMELEAF]             * [1100]: org.thymeleaf.standard.processor.StandardConditionalCommentProcessor
[THYMELEAF]     * Processors for Template Mode: XML
[THYMELEAF]         * Element Tag Processors by [matching element and attribute name] [precedence]:
[THYMELEAF]             * [* {th:include}] [100]: org.thymeleaf.standard.processor.StandardIncludeTagProcessor
[THYMELEAF]             * [* {th:insert}] [100]: org.thymeleaf.standard.processor.StandardInsertTagProcessor
[THYMELEAF]             * [* {th:replace}] [100]: org.thymeleaf.standard.processor.StandardReplaceTagProcessor
[THYMELEAF]             * [* {th:each}] [200]: com.intuit.karate.template.KarateEachTagProcessor
[THYMELEAF]             * [* {th:switch}] [250]: org.thymeleaf.standard.processor.StandardSwitchTagProcessor
[THYMELEAF]             * [* {th:case}] [275]: org.thymeleaf.standard.processor.StandardCaseTagProcessor
[THYMELEAF]             * [* {th:if}] [300]: org.thymeleaf.standard.processor.StandardIfTagProcessor
[THYMELEAF]             * [* {th:unless}] [400]: org.thymeleaf.standard.processor.StandardUnlessTagProcessor
[THYMELEAF]             * [* {th:object}] [500]: org.thymeleaf.standard.processor.StandardObjectTagProcessor
[THYMELEAF]             * [* {th:with}] [600]: com.intuit.karate.template.KarateWithTagProcessor
[THYMELEAF]             * [* {th:attr}] [700]: com.intuit.karate.template.KarateAttributeTagProcessor.KarateAttrTagProcessor
[THYMELEAF]             * [* {th:attrappend}] [900]: com.intuit.karate.template.KarateAttributeTagProcessor.KarateAttrappendTagProcessor
[THYMELEAF]             * [* {th:attrprepend}] [900]: com.intuit.karate.template.KarateAttributeTagProcessor.KarateAttrprependTagProcessor
[THYMELEAF]             * [* {th:inline}] [1000]: org.thymeleaf.standard.processor.StandardInlineXMLTagProcessor
[THYMELEAF]             * [* {xmlns:th}] [1000]: org.thymeleaf.standard.processor.StandardXmlNsTagProcessor
[THYMELEAF]             * [* {th:text}] [1300]: org.thymeleaf.standard.processor.StandardTextTagProcessor
[THYMELEAF]             * [* {th:utext}] [1400]: org.thymeleaf.standard.processor.StandardUtextTagProcessor
[THYMELEAF]             * [* {th:fragment}] [1500]: org.thymeleaf.standard.processor.StandardFragmentTagProcessor
[THYMELEAF]             * [* {th:assert}] [1550]: org.thymeleaf.standard.processor.StandardAssertTagProcessor
[THYMELEAF]             * [* {th:remove}] [1600]: org.thymeleaf.standard.processor.StandardRemoveTagProcessor
[THYMELEAF]             * [* {th:ref}] [10000]: org.thymeleaf.standard.processor.StandardRefAttributeTagProcessor
[THYMELEAF]             * [{th:block} *] [100000]: org.thymeleaf.standard.processor.StandardBlockTagProcessor
[THYMELEAF]             * [* th:*] [2147483647]: org.thymeleaf.standard.processor.StandardDefaultAttributesTagProcessor
[THYMELEAF]         * Text Processors by [precedence]:
[THYMELEAF]             * [1000]: org.thymeleaf.standard.processor.StandardInliningTextProcessor
[THYMELEAF]         * CDATA Section Processors by [precedence]:
[THYMELEAF]             * [1000]: org.thymeleaf.standard.processor.StandardInliningCDATASectionProcessor
[THYMELEAF]         * Comment Processors by [precedence]:
[THYMELEAF]             * [1000]: org.thymeleaf.standard.processor.StandardInliningCommentProcessor
[THYMELEAF]     * Processors for Template Mode: TEXT
[THYMELEAF]         * Element Tag Processors by [matching element and attribute name] [precedence]:
[THYMELEAF]             * [* {th:insert}] [100]: org.thymeleaf.standard.processor.StandardInsertTagProcessor
[THYMELEAF]             * [* {th:replace}] [100]: org.thymeleaf.standard.processor.StandardReplaceTagProcessor
[THYMELEAF]             * [* {th:each}] [200]: com.intuit.karate.template.KarateEachTagProcessor
[THYMELEAF]             * [* {th:switch}] [250]: org.thymeleaf.standard.processor.StandardSwitchTagProcessor
[THYMELEAF]             * [* {th:case}] [275]: org.thymeleaf.standard.processor.StandardCaseTagProcessor
[THYMELEAF]             * [* {th:if}] [300]: org.thymeleaf.standard.processor.StandardIfTagProcessor
[THYMELEAF]             * [* {th:unless}] [400]: org.thymeleaf.standard.processor.StandardUnlessTagProcessor
[THYMELEAF]             * [* {th:object}] [500]: org.thymeleaf.standard.processor.StandardObjectTagProcessor
[THYMELEAF]             * [* {th:with}] [600]: com.intuit.karate.template.KarateWithTagProcessor
[THYMELEAF]             * [* {th:inline}] [1000]: org.thymeleaf.standard.processor.StandardInlineTextualTagProcessor
[THYMELEAF]             * [* {th:text}] [1300]: org.thymeleaf.standard.processor.StandardTextTagProcessor
[THYMELEAF]             * [* {th:utext}] [1400]: org.thymeleaf.standard.processor.StandardUtextTagProcessor
[THYMELEAF]             * [* {th:assert}] [1550]: org.thymeleaf.standard.processor.StandardAssertTagProcessor
[THYMELEAF]             * [* {th:remove}] [1600]: org.thymeleaf.standard.processor.StandardRemoveTagProcessor
[THYMELEAF]             * [{th:block} *] [100000]: org.thymeleaf.standard.processor.StandardBlockTagProcessor
[THYMELEAF]             * [* 100000] [org.thymeleaf.standard.processor.StandardBlockTagProcessor]: {}
[THYMELEAF]         * Text Processors by [precedence]:
[THYMELEAF]             * [1000]: org.thymeleaf.standard.processor.StandardInliningTextProcessor
[THYMELEAF]     * Processors for Template Mode: JAVASCRIPT
[THYMELEAF]         * Element Tag Processors by [matching element and attribute name] [precedence]:
[THYMELEAF]             * [* {th:insert}] [100]: org.thymeleaf.standard.processor.StandardInsertTagProcessor
[THYMELEAF]             * [* {th:replace}] [100]: org.thymeleaf.standard.processor.StandardReplaceTagProcessor
[THYMELEAF]             * [* {th:each}] [200]: com.intuit.karate.template.KarateEachTagProcessor
[THYMELEAF]             * [* {th:switch}] [250]: org.thymeleaf.standard.processor.StandardSwitchTagProcessor
[THYMELEAF]             * [* {th:case}] [275]: org.thymeleaf.standard.processor.StandardCaseTagProcessor
[THYMELEAF]             * [* {th:if}] [300]: org.thymeleaf.standard.processor.StandardIfTagProcessor
[THYMELEAF]             * [* {th:unless}] [400]: org.thymeleaf.standard.processor.StandardUnlessTagProcessor
[THYMELEAF]             * [* {th:object}] [500]: org.thymeleaf.standard.processor.StandardObjectTagProcessor
[THYMELEAF]             * [* {th:with}] [600]: com.intuit.karate.template.KarateWithTagProcessor
[THYMELEAF]             * [* {th:inline}] [1000]: org.thymeleaf.standard.processor.StandardInlineTextualTagProcessor
[THYMELEAF]             * [* {th:text}] [1300]: org.thymeleaf.standard.processor.StandardTextTagProcessor
[THYMELEAF]             * [* {th:utext}] [1400]: org.thymeleaf.standard.processor.StandardUtextTagProcessor
[THYMELEAF]             * [* {th:assert}] [1550]: org.thymeleaf.standard.processor.StandardAssertTagProcessor
[THYMELEAF]             * [* {th:remove}] [1600]: org.thymeleaf.standard.processor.StandardRemoveTagProcessor
[THYMELEAF]             * [{th:block} *] [100000]: org.thymeleaf.standard.processor.StandardBlockTagProcessor
[THYMELEAF]             * [* 100000] [org.thymeleaf.standard.processor.StandardBlockTagProcessor]: {}
[THYMELEAF]         * Text Processors by [precedence]:
[THYMELEAF]             * [1000]: org.thymeleaf.standard.processor.StandardInliningTextProcessor
[THYMELEAF]     * Processors for Template Mode: CSS
[THYMELEAF]         * Element Tag Processors by [matching element and attribute name] [precedence]:
[THYMELEAF]             * [* {th:insert}] [100]: org.thymeleaf.standard.processor.StandardInsertTagProcessor
[THYMELEAF]             * [* {th:replace}] [100]: org.thymeleaf.standard.processor.StandardReplaceTagProcessor
[THYMELEAF]             * [* {th:each}] [200]: com.intuit.karate.template.KarateEachTagProcessor
[THYMELEAF]             * [* {th:switch}] [250]: org.thymeleaf.standard.processor.StandardSwitchTagProcessor
[THYMELEAF]             * [* {th:case}] [275]: org.thymeleaf.standard.processor.StandardCaseTagProcessor
[THYMELEAF]             * [* {th:if}] [300]: org.thymeleaf.standard.processor.StandardIfTagProcessor
[THYMELEAF]             * [* {th:unless}] [400]: org.thymeleaf.standard.processor.StandardUnlessTagProcessor
[THYMELEAF]             * [* {th:object}] [500]: org.thymeleaf.standard.processor.StandardObjectTagProcessor
[THYMELEAF]             * [* {th:with}] [600]: com.intuit.karate.template.KarateWithTagProcessor
[THYMELEAF]             * [* {th:inline}] [1000]: org.thymeleaf.standard.processor.StandardInlineTextualTagProcessor
[THYMELEAF]             * [* {th:text}] [1300]: org.thymeleaf.standard.processor.StandardTextTagProcessor
[THYMELEAF]             * [* {th:utext}] [1400]: org.thymeleaf.standard.processor.StandardUtextTagProcessor
[THYMELEAF]             * [* {th:assert}] [1550]: org.thymeleaf.standard.processor.StandardAssertTagProcessor
[THYMELEAF]             * [* {th:remove}] [1600]: org.thymeleaf.standard.processor.StandardRemoveTagProcessor
[THYMELEAF]             * [* 100000] [org.thymeleaf.standard.processor.StandardBlockTagProcessor]: {}
[THYMELEAF]             * [{th:block} *] [100000]: org.thymeleaf.standard.processor.StandardBlockTagProcessor
[THYMELEAF]         * Text Processors by [precedence]:
[THYMELEAF]             * [1000]: org.thymeleaf.standard.processor.StandardInliningTextProcessor
[THYMELEAF]     * Expression Objects:
[THYMELEAF]         * #ctx
[THYMELEAF]         * #root
[THYMELEAF]         * #vars
[THYMELEAF]         * #object
[THYMELEAF]         * #locale
[THYMELEAF]         * #conversions
[THYMELEAF]         * #uris
[THYMELEAF]         * #temporals
[THYMELEAF]         * #calendars
[THYMELEAF]         * #dates
[THYMELEAF]         * #bools
[THYMELEAF]         * #numbers
[THYMELEAF]         * #objects
[THYMELEAF]         * #strings
[THYMELEAF]         * #arrays
[THYMELEAF]         * #lists
[THYMELEAF]         * #sets
[THYMELEAF]         * #maps
[THYMELEAF]         * #aggregates
[THYMELEAF]         * #messages
[THYMELEAF]         * #ids
[THYMELEAF]         * #execInfo
[THYMELEAF]         * #request
[THYMELEAF]         * #response
[THYMELEAF]         * #session
[THYMELEAF]         * #servletContext
[THYMELEAF]     * Execution Attributes:
[THYMELEAF]         * "StandardExpressionParser": com.intuit.karate.template.KarateStandardDialect@2c7ad4f3
[THYMELEAF]         * "StandardJavaScriptSerializer": org.thymeleaf.standard.serializer.StandardJavaScriptSerializer@4aac81ca
[THYMELEAF]         * "StandardCSSSerializer": org.thymeleaf.standard.serializer.StandardCSSSerializer@393ae7a0
[THYMELEAF]         * "StandardVariableExpressionEvaluator": com.intuit.karate.template.KarateStandardDialect@2c7ad4f3
[THYMELEAF]         * "StandardConversionService": org.thymeleaf.standard.expression.StandardConversionService@63326a3a
[THYMELEAF] * Dialect [2 of 2]: karate (com.intuit.karate.template.KarateScriptDialect)
[THYMELEAF]     * Prefix: "ka"
[THYMELEAF]     * Processors for Template Mode: HTML
[THYMELEAF]         * Element Tag Processors by [matching element and attribute name] [precedence]:
[THYMELEAF]             * [* {src}] [1000]: com.intuit.karate.template.KaScriptAttrProcessor
[THYMELEAF]         * Element Model Processors by [matching element and attribute name] [precedence]:
[THYMELEAF]             * [{script} {ka:scope,data-ka-scope}] [1000]: com.intuit.karate.template.KaScriptElemProcessor
[THYMELEAF]             * [* {ka:set,data-ka-set}] [1000]: com.intuit.karate.template.KaSetElemProcessor
[THYMELEAF] TEMPLATE ENGINE CONFIGURED OK
00:53:59.162 [main] DEBUG org.thymeleaf.TemplateEngine -- [THYMELEAF] TEMPLATE ENGINE INITIALIZED

HTML report: (paste into browser to view) | Karate version: 1.4.1
file:///C:/Users/ambia/Downloads/someDirectory/gitaction/target/karate-reports/karate-summary.html
===================================================================

]]></system-out>
  </testcase>
</testsuite>